[OK ] ------------ > Lanzando simulacion
[OK ] SIM          > Creando SIM         
[OK ] SIM          > Inicializando
[OK ] SIM          > Inicializando semaforo simulador-monitor
[OK ] SIM          > Inicializando pipes a jefes
[OK ] SIM          > Inicializando cola de mensajes a simulador
[OK ] SIM          > Inicializando manejadores de señal
[OK ] SIM          > Avisando al proceso monitor
[OK ] SIM          > Comenzando
[OK ] SIM          > Ejecutando jefes
[OK ] JEFE E:0     > Creando JEFE E:0    
[OK ] JEFE E:0     > Inicializando
[OK ] JEFE E:0     > Inicializando pipes a naves
[OK ] JEFE E:0     > Comenzando
[OK ] JEFE E:0     > Ejecutando naves
[OK ] JEFE E:1     > Creando JEFE E:1    
[OK ] JEFE E:1     > Inicializando
[OK ] JEFE E:1     > Inicializando pipes a naves
[OK ] JEFE E:1     > Comenzando
[OK ] JEFE E:1     > Ejecutando naves
[OK ] JEFE E:3     > Creando JEFE E:3    
[OK ] JEFE E:3     > Inicializando
[OK ] JEFE E:3     > Inicializando pipes a naves
[OK ] JEFE E:3     > Comenzando
[OK ] JEFE E:3     > Ejecutando naves
[OK ] JEFE E:0     > Esperando mensaje de SIM         
[OK ] JEFE E:1     > Esperando mensaje de SIM         
[OK ] JEFE E:2     > Creando JEFE E:2    
[OK ] JEFE E:2     > Inicializando
[OK ] JEFE E:2     > Inicializando pipes a naves
[OK ] JEFE E:2     > Comenzando
[OK ] JEFE E:2     > Ejecutando naves
[OK ] JEFE E:3     > Esperando mensaje de SIM         
[OK ] NAVE E:3/N:1 > Creando NAVE E:3/N:1 con posicion: X:5/Y:15
[OK ] NAVE E:3/N:1 > Inicializando
[OK ] NAVE E:3/N:1 > Inicializando cola de mensajes a simulador
[OK ] NAVE E:3/N:1 > Comenzando
[OK ] NAVE E:0/N:0 > Creando NAVE E:0/N:0 con posicion: X:1/Y:2
[OK ] NAVE E:3/N:1 > Esperando mensaje de JEFE E:3    
[OK ] NAVE E:0/N:0 > Inicializando
[OK ] NAVE E:0/N:0 > Inicializando cola de mensajes a simulador
[OK ] NAVE E:1/N:0 > Creando NAVE E:1/N:0 con posicion: X:10/Y:11
[OK ] NAVE E:0/N:0 > Comenzando
[OK ] NAVE E:1/N:0 > Inicializando
[OK ] NAVE E:0/N:0 > Esperando mensaje de JEFE E:0    
[OK ] NAVE E:1/N:0 > Inicializando cola de mensajes a simulador
[OK ] NAVE E:1/N:0 > Comenzando
[OK ] NAVE E:1/N:0 > Esperando mensaje de JEFE E:1    
[OK ] NAVE E:3/N:2 > Creando NAVE E:3/N:2 con posicion: X:5/Y:11
[OK ] NAVE E:3/N:2 > Inicializando
[OK ] NAVE E:3/N:2 > Inicializando cola de mensajes a simulador
[OK ] NAVE E:3/N:2 > Comenzando
[OK ] NAVE E:3/N:2 > Esperando mensaje de JEFE E:3    
[OK ] NAVE E:0/N:1 > Creando NAVE E:0/N:1 con posicion: X:5/Y:6
[OK ] NAVE E:0/N:2 > Creando NAVE E:0/N:2 con posicion: X:5/Y:2
[OK ] NAVE E:0/N:1 > Inicializando
[OK ] NAVE E:0/N:2 > Inicializando
[OK ] NAVE E:0/N:1 > Inicializando cola de mensajes a simulador
[OK ] JEFE E:2     > Esperando mensaje de SIM         
[OK ] NAVE E:0/N:2 > Inicializando cola de mensajes a simulador
[OK ] NAVE E:0/N:1 > Comenzando
[OK ] NAVE E:0/N:1 > Esperando mensaje de JEFE E:0    
[OK ] NAVE E:0/N:2 > Comenzando
[OK ] NAVE E:0/N:2 > Esperando mensaje de JEFE E:0    
[OK ] NAVE E:1/N:1 > Creando NAVE E:1/N:1 con posicion: X:14/Y:15
[OK ] NAVE E:3/N:0 > Creando NAVE E:3/N:0 con posicion: X:1/Y:11
[OK ] NAVE E:1/N:1 > Inicializando
[OK ] NAVE E:2/N:2 > Creando NAVE E:2/N:2 con posicion: X:14/Y:2
[OK ] NAVE E:3/N:0 > Inicializando
[OK ] NAVE E:1/N:1 > Inicializando cola de mensajes a simulador
[OK ] NAVE E:2/N:2 > Inicializando
[OK ] NAVE E:3/N:0 > Inicializando cola de mensajes a simulador
[OK ] NAVE E:2/N:2 > Inicializando cola de mensajes a simulador
[OK ] NAVE E:1/N:1 > Comenzando
[OK ] NAVE E:3/N:0 > Comenzando
[OK ] NAVE E:1/N:1 > Esperando mensaje de JEFE E:1    
[OK ] NAVE E:2/N:2 > Comenzando
[OK ] NAVE E:3/N:0 > Esperando mensaje de JEFE E:3    
[OK ] NAVE E:2/N:2 > Esperando mensaje de JEFE E:2    
[OK ] NAVE E:1/N:2 > Creando NAVE E:1/N:2 con posicion: X:14/Y:11
[OK ] NAVE E:1/N:2 > Inicializando
[OK ] NAVE E:1/N:2 > Inicializando cola de mensajes a simulador
[OK ] NAVE E:1/N:2 > Comenzando
[OK ] NAVE E:1/N:2 > Esperando mensaje de JEFE E:1    
[OK ] NAVE E:2/N:0 > Creando NAVE E:2/N:0 con posicion: X:10/Y:2
[OK ] NAVE E:2/N:0 > Inicializando
[OK ] NAVE E:2/N:0 > Inicializando cola de mensajes a simulador
[OK ] NAVE E:2/N:0 > Comenzando
[OK ] NAVE E:2/N:1 > Creando NAVE E:2/N:1 con posicion: X:14/Y:6
[OK ] NAVE E:2/N:1 > Inicializando
[OK ] NAVE E:2/N:0 > Esperando mensaje de JEFE E:2    
[OK ] NAVE E:2/N:1 > Inicializando cola de mensajes a simulador
[OK ] NAVE E:2/N:1 > Comenzando
[OK ] NAVE E:2/N:1 > Esperando mensaje de JEFE E:2    
[OK ] SIM          > Nuevo TURNO       
[OK ] SIM          > Mandando mensaje a JEFE E:0    
[OK ] SIM          > Mandando mensaje a JEFE E:1    
[OK ] JEFE E:0     > Recibido mensaje: TURNO
[OK ] SIM          > Mandando mensaje a JEFE E:2    
[OK ] JEFE E:0     > Mandando mensaje a NAVE E:0/N:0
[OK ] SIM          > Mandando mensaje a JEFE E:3    
[OK ] JEFE E:0     > Mandando mensaje a NAVE E:0/N:1
[OK ] SIM          > Esperando mensaje de nave
[OK ] JEFE E:0     > Mandando mensaje a NAVE E:0/N:2
[OK ] NAVE E:0/N:0 > Recibido mensaje: ACCION ATACAR COSA EXTRA
[OK ] JEFE E:1     > Recibido mensaje: TURNO
[OK ] JEFE E:0     > Esperando mensaje de SIM         
[OK ] JEFE E:1     > Mandando mensaje a NAVE E:1/N:0
[OK ] NAVE E:0/N:0 > Mandando mensaje a SIM         
[OK ] NAVE E:0/N:1 > Recibido mensaje: ACCION ATACAR COSA EXTRA
[OK ] JEFE E:1     > Mandando mensaje a NAVE E:1/N:1
[OK ] NAVE E:0/N:0 > Esperando mensaje de JEFE E:0    
[OK ] JEFE E:1     > Mandando mensaje a NAVE E:1/N:2
[OK ] NAVE E:0/N:1 > Mandando mensaje a SIM         
[OK ] JEFE E:1     > Esperando mensaje de SIM         
[OK ] NAVE E:0/N:1 > Esperando mensaje de JEFE E:0    
[OK ] JEFE E:3     > Recibido mensaje: TURNO
[OK ] NAVE E:1/N:2 > Recibido mensaje: ACCION ATACAR COSA EXTRA
[OK ] JEFE E:3     > Mandando mensaje a NAVE E:3/N:0
[OK ] JEFE E:3     > Mandando mensaje a NAVE E:3/N:1
[OK ] NAVE E:1/N:2 > Mandando mensaje a SIM         
[OK ] JEFE E:3     > Mandando mensaje a NAVE E:3/N:2
[OK ] NAVE E:3/N:1 > Recibido mensaje: ACCION ATACAR COSA EXTRA
[OK ] JEFE E:3     > Esperando mensaje de SIM         
[OK ] NAVE E:3/N:1 > Mandando mensaje a SIM         
[OK ] NAVE E:0/N:2 > Recibido mensaje: ACCION ATACAR COSA EXTRA
[OK ] NAVE E:3/N:1 > Esperando mensaje de JEFE E:3    
[OK ] NAVE E:3/N:2 > Recibido mensaje: ACCION ATACAR COSA EXTRA
[OK ] NAVE E:0/N:2 > Mandando mensaje a SIM         
[OK ] NAVE E:0/N:2 > Esperando mensaje de JEFE E:0    
[OK ] NAVE E:3/N:2 > Mandando mensaje a SIM         
[OK ] NAVE E:3/N:2 > Esperando mensaje de JEFE E:3    
[OK ] NAVE E:1/N:0 > Recibido mensaje: ACCION ATACAR COSA EXTRA
[OK ] NAVE E:1/N:2 > Esperando mensaje de JEFE E:1    
[OK ] NAVE E:1/N:0 > Mandando mensaje a SIM         
[OK ] NAVE E:1/N:0 > Esperando mensaje de JEFE E:1    
[OK ] SIM          > Recibido mensaje: ATACAR NAVE E:0/N:0
[OK ] SIM          > Esperando mensaje de nave
[OK ] SIM          > Recibido mensaje: ATACAR NAVE E:0/N:1
[OK ] SIM          > Esperando mensaje de nave
[OK ] SIM          > Recibido mensaje: ATACAR NAVE E:3/N:1
[OK ] SIM          > Esperando mensaje de nave
[OK ] SIM          > Recibido mensaje: ATACAR NAVE E:0/N:2
[OK ] SIM          > Esperando mensaje de nave
[OK ] SIM          > Recibido mensaje: ATACAR NAVE E:3/N:2
[OK ] SIM          > Esperando mensaje de nave
[OK ] SIM          > Recibido mensaje: ATACAR NAVE E:1/N:2
[OK ] SIM          > Esperando mensaje de nave
[OK ] SIM          > Recibido mensaje: ATACAR NAVE E:1/N:0
[OK ] SIM          > Esperando mensaje de nave
[OK ] JEFE E:2     > Recibido mensaje: TURNO
[OK ] JEFE E:2     > Mandando mensaje a NAVE E:2/N:0
[OK ] JEFE E:2     > Mandando mensaje a NAVE E:2/N:1
[OK ] JEFE E:2     > Mandando mensaje a NAVE E:2/N:2
[OK ] JEFE E:2     > Esperando mensaje de SIM         
[OK ] NAVE E:2/N:2 > Recibido mensaje: ACCION ATACAR COSA EXTRA
[OK ] NAVE E:1/N:1 > Recibido mensaje: ACCION ATACAR COSA EXTRA
[OK ] NAVE E:1/N:1 > Mandando mensaje a SIM         
[OK ] NAVE E:2/N:0 > Recibido mensaje: ACCION ATACAR COSA EXTRA
[OK ] SIM          > Recibido mensaje: ATACAR NAVE E:1/N:1
[OK ] SIM          > Esperando mensaje de nave
[OK ] NAVE E:2/N:0 > Mandando mensaje a SIM         
[OK ] NAVE E:1/N:1 > Esperando mensaje de JEFE E:1    
[OK ] NAVE E:3/N:0 > Recibido mensaje: ACCION ATACAR COSA EXTRA
[OK ] NAVE E:2/N:2 > Mandando mensaje a SIM         
[OK ] NAVE E:3/N:0 > Mandando mensaje a SIM         
[OK ] NAVE E:2/N:2 > Esperando mensaje de JEFE E:2    
[OK ] NAVE E:3/N:0 > Esperando mensaje de JEFE E:3    
[OK ] NAVE E:2/N:0 > Esperando mensaje de JEFE E:2    
[OK ] SIM          > Recibido mensaje: ATACAR NAVE E:2/N:0
[OK ] SIM          > Esperando mensaje de nave
[OK ] SIM          > Recibido mensaje: ATACAR NAVE E:2/N:2
[OK ] SIM          > Esperando mensaje de nave
[OK ] SIM          > Recibido mensaje: ATACAR NAVE E:3/N:0
[OK ] NAVE E:2/N:1 > Recibido mensaje: ACCION ATACAR COSA EXTRA
[OK ] SIM          > Esperando mensaje de nave
[OK ] NAVE E:2/N:1 > Mandando mensaje a SIM         
[OK ] NAVE E:2/N:1 > Esperando mensaje de JEFE E:2    
[OK ] SIM          > Recibido mensaje: ATACAR NAVE E:2/N:1
[OK ] SIM          > Nuevo TURNO       
[OK ] SIM          > Mandando mensaje a JEFE E:0    
[OK ] SIM          > Mandando mensaje a JEFE E:1    
[OK ] SIM          > Mandando mensaje a JEFE E:2    
[OK ] JEFE E:0     > Recibido mensaje: TURNO
[OK ] JEFE E:1     > Recibido mensaje: TURNO
[OK ] SIM          > Mandando mensaje a JEFE E:3    
[OK ] JEFE E:0     > Mandando mensaje a NAVE E:0/N:0
[OK ] JEFE E:1     > Mandando mensaje a NAVE E:1/N:0
[OK ] SIM          > Esperando mensaje de nave
[OK ] JEFE E:0     > Mandando mensaje a NAVE E:0/N:1
[OK ] JEFE E:1     > Mandando mensaje a NAVE E:1/N:1
[OK ] JEFE E:2     > Recibido mensaje: TURNO
[OK ] JEFE E:0     > Mandando mensaje a NAVE E:0/N:2
[OK ] JEFE E:1     > Mandando mensaje a NAVE E:1/N:2
[OK ] JEFE E:2     > Mandando mensaje a NAVE E:2/N:0
[OK ] JEFE E:0     > Esperando mensaje de SIM         
[OK ] JEFE E:1     > Esperando mensaje de SIM         
[OK ] JEFE E:2     > Mandando mensaje a NAVE E:2/N:1
[OK ] NAVE E:0/N:2 > Recibido mensaje: ACCION ATACAR COSA EXTRA
[OK ] JEFE E:2     > Mandando mensaje a NAVE E:2/N:2
[OK ] NAVE E:1/N:0 > Recibido mensaje: ACCION ATACAR COSA EXTRA
[OK ] NAVE E:0/N:2 > Mandando mensaje a SIM         
[OK ] NAVE E:1/N:0 > Mandando mensaje a SIM         
[OK ] JEFE E:2     > Esperando mensaje de SIM         
[OK ] NAVE E:0/N:2 > Esperando mensaje de JEFE E:0    
[OK ] NAVE E:1/N:0 > Esperando mensaje de JEFE E:1    
[OK ] NAVE E:2/N:0 > Recibido mensaje: ACCION ATACAR COSA EXTRA
[OK ] JEFE E:3     > Recibido mensaje: TURNO
[OK ] NAVE E:2/N:0 > Mandando mensaje a SIM         
[OK ] NAVE E:1/N:1 > Recibido mensaje: ACCION ATACAR COSA EXTRA
[OK ] JEFE E:3     > Mandando mensaje a NAVE E:3/N:0
[OK ] NAVE E:2/N:0 > Esperando mensaje de JEFE E:2    
[OK ] NAVE E:1/N:1 > Mandando mensaje a SIM         
[OK ] JEFE E:3     > Mandando mensaje a NAVE E:3/N:1
[OK ] NAVE E:1/N:1 > Esperando mensaje de JEFE E:1    
[OK ] JEFE E:3     > Mandando mensaje a NAVE E:3/N:2
[OK ] NAVE E:3/N:1 > Recibido mensaje: ACCION ATACAR COSA EXTRA
[OK ] JEFE E:3     > Esperando mensaje de SIM         
[OK ] NAVE E:1/N:2 > Recibido mensaje: ACCION ATACAR COSA EXTRA
[OK ] NAVE E:3/N:1 > Mandando mensaje a SIM         
[OK ] NAVE E:1/N:2 > Mandando mensaje a SIM         
[OK ] SIM          > Recibido mensaje: ATACAR NAVE E:0/N:2
[OK ] NAVE E:3/N:1 > Esperando mensaje de JEFE E:3    
[OK ] NAVE E:1/N:2 > Esperando mensaje de JEFE E:1    
[OK ] SIM          > Esperando mensaje de nave
[OK ] SIM          > Recibido mensaje: ATACAR NAVE E:1/N:0
[OK ] SIM          > Esperando mensaje de nave
[OK ] SIM          > Recibido mensaje: ATACAR NAVE E:2/N:0
[OK ] NAVE E:2/N:2 > Recibido mensaje: ACCION ATACAR COSA EXTRA
[OK ] SIM          > Esperando mensaje de nave
[OK ] NAVE E:2/N:2 > Mandando mensaje a SIM         
[OK ] SIM          > Recibido mensaje: ATACAR NAVE E:1/N:1
[OK ] NAVE E:2/N:2 > Esperando mensaje de JEFE E:2    
[OK ] SIM          > Esperando mensaje de nave
[OK ] SIM          > Recibido mensaje: ATACAR NAVE E:3/N:1
[OK ] NAVE E:3/N:2 > Recibido mensaje: ACCION ATACAR COSA EXTRA
[OK ] SIM          > Esperando mensaje de nave
[OK ] NAVE E:3/N:2 > Mandando mensaje a SIM         
[OK ] SIM          > Recibido mensaje: ATACAR NAVE E:1/N:2
[OK ] NAVE E:3/N:2 > Esperando mensaje de JEFE E:3    
[OK ] SIM          > Esperando mensaje de nave
[OK ] SIM          > Recibido mensaje: ATACAR NAVE E:2/N:2
[OK ] NAVE E:0/N:1 > Recibido mensaje: ACCION ATACAR COSA EXTRA
[OK ] SIM          > Esperando mensaje de nave
[OK ] NAVE E:0/N:1 > Mandando mensaje a SIM         
[OK ] SIM          > Recibido mensaje: ATACAR NAVE E:3/N:2
[OK ] NAVE E:0/N:1 > Esperando mensaje de JEFE E:0    
[OK ] SIM          > Esperando mensaje de nave
[OK ] SIM          > Recibido mensaje: ATACAR NAVE E:0/N:1
[OK ] NAVE E:2/N:1 > Recibido mensaje: ACCION ATACAR COSA EXTRA
[OK ] SIM          > Esperando mensaje de nave
[OK ] NAVE E:2/N:1 > Mandando mensaje a SIM         
[OK ] NAVE E:2/N:1 > Esperando mensaje de JEFE E:2    
[OK ] NAVE E:0/N:0 > Recibido mensaje: ACCION ATACAR COSA EXTRA
[OK ] SIM          > Recibido mensaje: ATACAR NAVE E:2/N:1
[OK ] NAVE E:0/N:0 > Mandando mensaje a SIM         
[OK ] SIM          > Esperando mensaje de nave
[OK ] NAVE E:3/N:0 > Recibido mensaje: ACCION ATACAR COSA EXTRA
[OK ] NAVE E:0/N:0 > Esperando mensaje de JEFE E:0    
[OK ] SIM          > Recibido mensaje: ATACAR NAVE E:0/N:0
[OK ] NAVE E:3/N:0 > Mandando mensaje a SIM         
[OK ] SIM          > Esperando mensaje de nave
[OK ] NAVE E:3/N:0 > Esperando mensaje de JEFE E:3    
[OK ] SIM          > Recibido mensaje: ATACAR NAVE E:3/N:0
[OK ] SIM          > Nuevo TURNO       
[OK ] SIM          > Mandando mensaje a JEFE E:0    
[OK ] SIM          > Mandando mensaje a JEFE E:1    
[OK ] SIM          > Mandando mensaje a JEFE E:2    
[OK ] SIM          > Mandando mensaje a JEFE E:3    
[OK ] JEFE E:1     > Recibido mensaje: TURNO
[OK ] JEFE E:1     > Mandando mensaje a NAVE E:1/N:0
[OK ] SIM          > Esperando mensaje de nave
[OK ] JEFE E:0     > Recibido mensaje: TURNO
[OK ] JEFE E:1     > Mandando mensaje a NAVE E:1/N:1
[OK ] JEFE E:2     > Recibido mensaje: TURNO
[OK ] JEFE E:0     > Mandando mensaje a NAVE E:0/N:0
[OK ] JEFE E:1     > Mandando mensaje a NAVE E:1/N:2
[OK ] JEFE E:2     > Mandando mensaje a NAVE E:2/N:0
[OK ] JEFE E:0     > Mandando mensaje a NAVE E:0/N:1
[OK ] JEFE E:2     > Mandando mensaje a NAVE E:2/N:1
[OK ] JEFE E:1     > Esperando mensaje de SIM         
[OK ] JEFE E:0     > Mandando mensaje a NAVE E:0/N:2
[OK ] JEFE E:2     > Mandando mensaje a NAVE E:2/N:2
[OK ] JEFE E:0     > Esperando mensaje de SIM         
[OK ] NAVE E:1/N:0 > Recibido mensaje: ACCION ATACAR COSA EXTRA
[OK ] JEFE E:2     > Esperando mensaje de SIM         
[OK ] NAVE E:1/N:0 > Mandando mensaje a SIM         
[OK ] NAVE E:0/N:2 > Recibido mensaje: ACCION ATACAR COSA EXTRA
[OK ] NAVE E:2/N:0 > Recibido mensaje: ACCION ATACAR COSA EXTRA
[OK ] NAVE E:1/N:0 > Esperando mensaje de JEFE E:1    
[OK ] NAVE E:0/N:2 > Mandando mensaje a SIM         
[OK ] NAVE E:2/N:0 > Mandando mensaje a SIM         
[OK ] SIM          > Recibido mensaje: ATACAR NAVE E:1/N:0
[OK ] NAVE E:0/N:2 > Esperando mensaje de JEFE E:0    
[OK ] NAVE E:2/N:0 > Esperando mensaje de JEFE E:2    
[OK ] SIM          > Esperando mensaje de nave
[OK ] SIM          > Recibido mensaje: ATACAR NAVE E:0/N:2
[OK ] JEFE E:3     > Recibido mensaje: TURNO
[OK ] SIM          > Esperando mensaje de nave
[OK ] JEFE E:3     > Mandando mensaje a NAVE E:3/N:0
[OK ] SIM          > Recibido mensaje: ATACAR NAVE E:2/N:0
[OK ] SIM          > Esperando mensaje de nave
[OK ] JEFE E:3     > Mandando mensaje a NAVE E:3/N:1
[OK ] NAVE E:2/N:2 > Recibido mensaje: ACCION ATACAR COSA EXTRA
[OK ] JEFE E:3     > Mandando mensaje a NAVE E:3/N:2
[OK ] NAVE E:0/N:0 > Recibido mensaje: ACCION ATACAR COSA EXTRA
[OK ] NAVE E:2/N:2 > Mandando mensaje a SIM         
[OK ] JEFE E:3     > Esperando mensaje de SIM         
[OK ] NAVE E:0/N:0 > Mandando mensaje a SIM         
[OK ] NAVE E:2/N:2 > Esperando mensaje de JEFE E:2    
[OK ] NAVE E:0/N:0 > Esperando mensaje de JEFE E:0    
[OK ] NAVE E:3/N:0 > Recibido mensaje: ACCION ATACAR COSA EXTRA
[OK ] SIM          > Recibido mensaje: ATACAR NAVE E:2/N:2
[OK ] NAVE E:3/N:0 > Mandando mensaje a SIM         
[OK ] SIM          > Esperando mensaje de nave
[OK ] NAVE E:3/N:1 > Recibido mensaje: ACCION ATACAR COSA EXTRA
[OK ] NAVE E:3/N:0 > Esperando mensaje de JEFE E:3    
[OK ] SIM          > Recibido mensaje: ATACAR NAVE E:0/N:0
[OK ] NAVE E:3/N:1 > Mandando mensaje a SIM         
[OK ] SIM          > Esperando mensaje de nave
[OK ] NAVE E:3/N:1 > Esperando mensaje de JEFE E:3    
[OK ] SIM          > Recibido mensaje: ATACAR NAVE E:3/N:0
[OK ] SIM          > Esperando mensaje de nave
[OK ] SIM          > Recibido mensaje: ATACAR NAVE E:3/N:1
[OK ] NAVE E:1/N:1 > Recibido mensaje: ACCION ATACAR COSA EXTRA
[OK ] SIM          > Esperando mensaje de nave
[OK ] NAVE E:1/N:1 > Mandando mensaje a SIM         
[OK ] NAVE E:1/N:1 > Esperando mensaje de JEFE E:1    
[OK ] SIM          > Recibido mensaje: ATACAR NAVE E:1/N:1
[OK ] SIM          > Esperando mensaje de nave
[OK ] NAVE E:3/N:2 > Recibido mensaje: ACCION ATACAR COSA EXTRA
[OK ] NAVE E:3/N:2 > Mandando mensaje a SIM         
[OK ] NAVE E:3/N:2 > Esperando mensaje de JEFE E:3    
[OK ] SIM          > Recibido mensaje: ATACAR NAVE E:3/N:2
[OK ] SIM          > Esperando mensaje de nave
[OK ] NAVE E:0/N:1 > Recibido mensaje: ACCION ATACAR COSA EXTRA
[OK ] NAVE E:0/N:1 > Mandando mensaje a SIM         
[OK ] NAVE E:0/N:1 > Esperando mensaje de JEFE E:0    
[OK ] SIM          > Recibido mensaje: ATACAR NAVE E:0/N:1
[OK ] SIM          > Esperando mensaje de nave
[OK ] NAVE E:2/N:1 > Recibido mensaje: ACCION ATACAR COSA EXTRA
[OK ] NAVE E:2/N:1 > Mandando mensaje a SIM         
[OK ] NAVE E:2/N:1 > Esperando mensaje de JEFE E:2    
[OK ] SIM          > Recibido mensaje: ATACAR NAVE E:2/N:1
[OK ] SIM          > Esperando mensaje de nave
[OK ] NAVE E:1/N:2 > Recibido mensaje: ACCION ATACAR COSA EXTRA
[OK ] NAVE E:1/N:2 > Mandando mensaje a SIM         
[OK ] NAVE E:1/N:2 > Esperando mensaje de JEFE E:1    
[OK ] SIM          > Recibido mensaje: ATACAR NAVE E:1/N:2
[OK ] SIM          > Nuevo TURNO       
[OK ] SIM          > Mandando mensaje a JEFE E:0    
[OK ] SIM          > Mandando mensaje a JEFE E:1    
[OK ] SIM          > Mandando mensaje a JEFE E:2    
[OK ] JEFE E:0     > Recibido mensaje: TURNO
[OK ] JEFE E:1     > Recibido mensaje: TURNO
[OK ] SIM          > Mandando mensaje a JEFE E:3    
[OK ] JEFE E:0     > Mandando mensaje a NAVE E:0/N:0
[OK ] JEFE E:1     > Mandando mensaje a NAVE E:1/N:0
[OK ] SIM          > Esperando mensaje de nave
[OK ] JEFE E:0     > Mandando mensaje a NAVE E:0/N:1
[OK ] JEFE E:1     > Mandando mensaje a NAVE E:1/N:1
[OK ] JEFE E:2     > Recibido mensaje: TURNO
[OK ] JEFE E:0     > Mandando mensaje a NAVE E:0/N:2
[OK ] JEFE E:1     > Mandando mensaje a NAVE E:1/N:2
[OK ] JEFE E:2     > Mandando mensaje a NAVE E:2/N:0
[OK ] JEFE E:0     > Esperando mensaje de SIM         
[OK ] JEFE E:1     > Esperando mensaje de SIM         
[OK ] JEFE E:2     > Mandando mensaje a NAVE E:2/N:1
[OK ] NAVE E:0/N:2 > Recibido mensaje: ACCION ATACAR COSA EXTRA
[OK ] JEFE E:2     > Mandando mensaje a NAVE E:2/N:2
[OK ] NAVE E:0/N:2 > Mandando mensaje a SIM         
[OK ] NAVE E:1/N:0 > Recibido mensaje: ACCION ATACAR COSA EXTRA
[OK ] JEFE E:2     > Esperando mensaje de SIM         
[OK ] NAVE E:0/N:2 > Esperando mensaje de JEFE E:0    
[OK ] NAVE E:1/N:0 > Mandando mensaje a SIM         
[OK ] NAVE E:2/N:2 > Recibido mensaje: ACCION ATACAR COSA EXTRA
[OK ] NAVE E:1/N:0 > Esperando mensaje de JEFE E:1    
[OK ] JEFE E:3     > Recibido mensaje: TURNO
[OK ] NAVE E:2/N:2 > Mandando mensaje a SIM         
[OK ] JEFE E:3     > Mandando mensaje a NAVE E:3/N:0
[OK ] NAVE E:1/N:1 > Recibido mensaje: ACCION ATACAR COSA EXTRA
[OK ] NAVE E:2/N:2 > Esperando mensaje de JEFE E:2    
[OK ] NAVE E:1/N:1 > Mandando mensaje a SIM         
[OK ] JEFE E:3     > Mandando mensaje a NAVE E:3/N:1
[OK ] NAVE E:1/N:1 > Esperando mensaje de JEFE E:1    
[OK ] NAVE E:2/N:0 > Recibido mensaje: ACCION ATACAR COSA EXTRA
[OK ] JEFE E:3     > Mandando mensaje a NAVE E:3/N:2
[OK ] NAVE E:2/N:0 > Mandando mensaje a SIM         
[OK ] NAVE E:2/N:1 > Recibido mensaje: ACCION ATACAR COSA EXTRA
[OK ] JEFE E:3     > Esperando mensaje de SIM         
[OK ] NAVE E:2/N:0 > Esperando mensaje de JEFE E:2    
[OK ] NAVE E:2/N:1 > Mandando mensaje a SIM         
[OK ] SIM          > Recibido mensaje: ATACAR NAVE E:0/N:2
[OK ] NAVE E:2/N:1 > Esperando mensaje de JEFE E:2    
[OK ] SIM          > Esperando mensaje de nave
[OK ] SIM          > Recibido mensaje: ATACAR NAVE E:1/N:0
[OK ] NAVE E:3/N:2 > Recibido mensaje: ACCION ATACAR COSA EXTRA
[OK ] SIM          > Esperando mensaje de nave
[OK ] NAVE E:0/N:0 > Recibido mensaje: ACCION ATACAR COSA EXTRA
[OK ] NAVE E:3/N:2 > Mandando mensaje a SIM         
[OK ] SIM          > Recibido mensaje: ATACAR NAVE E:2/N:2
[OK ] NAVE E:0/N:0 > Mandando mensaje a SIM         
[OK ] NAVE E:3/N:2 > Esperando mensaje de JEFE E:3    
[OK ] SIM          > Esperando mensaje de nave
[OK ] NAVE E:0/N:0 > Esperando mensaje de JEFE E:0    
[OK ] SIM          > Recibido mensaje: ATACAR NAVE E:1/N:1
[OK ] SIM          > Esperando mensaje de nave
[OK ] NAVE E:1/N:2 > Recibido mensaje: ACCION ATACAR COSA EXTRA
[OK ] SIM          > Recibido mensaje: ATACAR NAVE E:2/N:0
[OK ] NAVE E:1/N:2 > Mandando mensaje a SIM         
[OK ] SIM          > Esperando mensaje de nave
[OK ] NAVE E:3/N:1 > Recibido mensaje: ACCION ATACAR COSA EXTRA
[OK ] NAVE E:1/N:2 > Esperando mensaje de JEFE E:1    
[OK ] NAVE E:3/N:1 > Mandando mensaje a SIM         
[OK ] SIM          > Recibido mensaje: ATACAR NAVE E:2/N:1
[OK ] NAVE E:3/N:1 > Esperando mensaje de JEFE E:3    
[OK ] SIM          > Esperando mensaje de nave
[OK ] NAVE E:0/N:1 > Recibido mensaje: ACCION ATACAR COSA EXTRA
[OK ] SIM          > Recibido mensaje: ATACAR NAVE E:3/N:2
[OK ] NAVE E:0/N:1 > Mandando mensaje a SIM         
[OK ] NAVE E:3/N:0 > Recibido mensaje: ACCION ATACAR COSA EXTRA
[OK ] NAVE E:0/N:1 > Esperando mensaje de JEFE E:0    
[OK ] SIM          > Esperando mensaje de nave
[OK ] NAVE E:3/N:0 > Mandando mensaje a SIM         
[OK ] SIM          > Recibido mensaje: ATACAR NAVE E:0/N:0
[OK ] NAVE E:3/N:0 > Esperando mensaje de JEFE E:3    
[OK ] SIM          > Esperando mensaje de nave
[OK ] SIM          > Recibido mensaje: ATACAR NAVE E:1/N:2
[OK ] SIM          > Esperando mensaje de nave
[OK ] SIM          > Recibido mensaje: ATACAR NAVE E:3/N:1
[OK ] SIM          > Esperando mensaje de nave
[OK ] SIM          > Recibido mensaje: ATACAR NAVE E:0/N:1
[OK ] SIM          > Esperando mensaje de nave
[OK ] SIM          > Recibido mensaje: ATACAR NAVE E:3/N:0
[OK ] SIM          > Nuevo TURNO       
[OK ] SIM          > Mandando mensaje a JEFE E:0    
[OK ] SIM          > Mandando mensaje a JEFE E:1    
[OK ] SIM          > Mandando mensaje a JEFE E:2    
[OK ] SIM          > Mandando mensaje a JEFE E:3    
[OK ] JEFE E:0     > Recibido mensaje: TURNO
[OK ] JEFE E:1     > Recibido mensaje: TURNO
[OK ] SIM          > Esperando mensaje de nave
[OK ] JEFE E:0     > Mandando mensaje a NAVE E:0/N:0
[OK ] JEFE E:1     > Mandando mensaje a NAVE E:1/N:0
[OK ] JEFE E:3     > Recibido mensaje: TURNO
[OK ] JEFE E:0     > Mandando mensaje a NAVE E:0/N:1
[OK ] JEFE E:1     > Mandando mensaje a NAVE E:1/N:1
[OK ] JEFE E:3     > Mandando mensaje a NAVE E:3/N:0
[OK ] JEFE E:0     > Mandando mensaje a NAVE E:0/N:2
[OK ] JEFE E:1     > Mandando mensaje a NAVE E:1/N:2
[OK ] JEFE E:3     > Mandando mensaje a NAVE E:3/N:1
[OK ] JEFE E:0     > Esperando mensaje de SIM         
[OK ] JEFE E:1     > Esperando mensaje de SIM         
[OK ] JEFE E:3     > Mandando mensaje a NAVE E:3/N:2
[OK ] NAVE E:0/N:2 > Recibido mensaje: ACCION ATACAR COSA EXTRA
[OK ] JEFE E:3     > Esperando mensaje de SIM         
[OK ] NAVE E:1/N:0 > Recibido mensaje: ACCION ATACAR COSA EXTRA
[OK ] NAVE E:0/N:2 > Mandando mensaje a SIM         
[OK ] NAVE E:1/N:0 > Mandando mensaje a SIM         
[OK ] JEFE E:2     > Recibido mensaje: TURNO
[OK ] NAVE E:0/N:2 > Esperando mensaje de JEFE E:0    
[OK ] NAVE E:1/N:0 > Esperando mensaje de JEFE E:1    
[OK ] JEFE E:2     > Mandando mensaje a NAVE E:2/N:0
[OK ] SIM          > Recibido mensaje: ATACAR NAVE E:0/N:2
[OK ] NAVE E:1/N:1 > Recibido mensaje: ACCION ATACAR COSA EXTRA
[OK ] JEFE E:2     > Mandando mensaje a NAVE E:2/N:1
[OK ] SIM          > Esperando mensaje de nave
[OK ] NAVE E:1/N:1 > Mandando mensaje a SIM         
[OK ] JEFE E:2     > Mandando mensaje a NAVE E:2/N:2
[OK ] NAVE E:1/N:1 > Esperando mensaje de JEFE E:1    
[OK ] SIM          > Recibido mensaje: ATACAR NAVE E:1/N:0
[OK ] JEFE E:2     > Esperando mensaje de SIM         
[OK ] SIM          > Esperando mensaje de nave
[OK ] NAVE E:2/N:2 > Recibido mensaje: ACCION ATACAR COSA EXTRA
[OK ] SIM          > Recibido mensaje: ATACAR NAVE E:1/N:1
[OK ] NAVE E:2/N:0 > Recibido mensaje: ACCION ATACAR COSA EXTRA
[OK ] NAVE E:2/N:2 > Mandando mensaje a SIM         
[OK ] NAVE E:2/N:0 > Mandando mensaje a SIM         
[OK ] SIM          > Esperando mensaje de nave
[OK ] NAVE E:2/N:2 > Esperando mensaje de JEFE E:2    
[OK ] NAVE E:2/N:0 > Esperando mensaje de JEFE E:2    
[OK ] SIM          > Recibido mensaje: ATACAR NAVE E:2/N:2
[OK ] SIM          > Esperando mensaje de nave
[OK ] SIM          > Recibido mensaje: ATACAR NAVE E:2/N:0
[OK ] NAVE E:3/N:2 > Recibido mensaje: ACCION ATACAR COSA EXTRA
[OK ] SIM          > Esperando mensaje de nave
[OK ] NAVE E:3/N:2 > Mandando mensaje a SIM         
[OK ] NAVE E:3/N:2 > Esperando mensaje de JEFE E:3    
[OK ] NAVE E:3/N:1 > Recibido mensaje: ACCION ATACAR COSA EXTRA
[OK ] SIM          > Recibido mensaje: ATACAR NAVE E:3/N:2
[OK ] NAVE E:3/N:1 > Mandando mensaje a SIM         
[OK ] NAVE E:1/N:2 > Recibido mensaje: ACCION ATACAR COSA EXTRA
[OK ] SIM          > Esperando mensaje de nave
[OK ] NAVE E:3/N:1 > Esperando mensaje de JEFE E:3    
[OK ] NAVE E:1/N:2 > Mandando mensaje a SIM         
[OK ] SIM          > Recibido mensaje: ATACAR NAVE E:3/N:1
[OK ] NAVE E:1/N:2 > Esperando mensaje de JEFE E:1    
[OK ] SIM          > Esperando mensaje de nave
[OK ] NAVE E:0/N:1 > Recibido mensaje: ACCION ATACAR COSA EXTRA
[OK ] SIM          > Recibido mensaje: ATACAR NAVE E:1/N:2
[OK ] NAVE E:0/N:1 > Mandando mensaje a SIM         
[OK ] SIM          > Esperando mensaje de nave
[OK ] NAVE E:0/N:1 > Esperando mensaje de JEFE E:0    
[OK ] NAVE E:2/N:1 > Recibido mensaje: ACCION ATACAR COSA EXTRA
[OK ] SIM          > Recibido mensaje: ATACAR NAVE E:0/N:1
[OK ] NAVE E:2/N:1 > Mandando mensaje a SIM         
[OK ] SIM          > Esperando mensaje de nave
[OK ] NAVE E:2/N:1 > Esperando mensaje de JEFE E:2    
[OK ] NAVE E:0/N:0 > Recibido mensaje: ACCION ATACAR COSA EXTRA
[OK ] SIM          > Recibido mensaje: ATACAR NAVE E:2/N:1
[OK ] NAVE E:0/N:0 > Mandando mensaje a SIM         
[OK ] SIM          > Esperando mensaje de nave
[OK ] NAVE E:3/N:0 > Recibido mensaje: ACCION ATACAR COSA EXTRA
[OK ] NAVE E:0/N:0 > Esperando mensaje de JEFE E:0    
[OK ] NAVE E:3/N:0 > Mandando mensaje a SIM         
[OK ] SIM          > Recibido mensaje: ATACAR NAVE E:0/N:0
[OK ] NAVE E:3/N:0 > Esperando mensaje de JEFE E:3    
[OK ] SIM          > Esperando mensaje de nave
[OK ] SIM          > Recibido mensaje: ATACAR NAVE E:3/N:0
[OK ] SIM          > Nuevo TURNO       
[OK ] SIM          > Mandando mensaje a JEFE E:0    
[OK ] SIM          > Mandando mensaje a JEFE E:1    
[OK ] JEFE E:0     > Recibido mensaje: TURNO
[OK ] SIM          > Mandando mensaje a JEFE E:2    
[OK ] JEFE E:0     > Mandando mensaje a NAVE E:0/N:0
[OK ] SIM          > Mandando mensaje a JEFE E:3    
[OK ] JEFE E:0     > Mandando mensaje a NAVE E:0/N:1
[OK ] SIM          > Esperando mensaje de nave
[OK ] JEFE E:0     > Mandando mensaje a NAVE E:0/N:2
[OK ] JEFE E:0     > Esperando mensaje de SIM         
[OK ] JEFE E:1     > Recibido mensaje: TURNO
[OK ] JEFE E:1     > Mandando mensaje a NAVE E:1/N:0
[OK ] NAVE E:0/N:2 > Recibido mensaje: ACCION ATACAR COSA EXTRA
[OK ] JEFE E:1     > Mandando mensaje a NAVE E:1/N:1
[OK ] NAVE E:0/N:2 > Mandando mensaje a SIM         
[OK ] JEFE E:1     > Mandando mensaje a NAVE E:1/N:2
[OK ] NAVE E:0/N:2 > Esperando mensaje de JEFE E:0    
[OK ] JEFE E:1     > Esperando mensaje de SIM         
[OK ] NAVE E:1/N:0 > Recibido mensaje: ACCION ATACAR COSA EXTRA
[OK ] JEFE E:3     > Recibido mensaje: TURNO
[OK ] NAVE E:1/N:0 > Mandando mensaje a SIM         
[OK ] JEFE E:3     > Mandando mensaje a NAVE E:3/N:0
[OK ] NAVE E:1/N:0 > Esperando mensaje de JEFE E:1    
[OK ] JEFE E:3     > Mandando mensaje a NAVE E:3/N:1
[OK ] SIM          > Recibido mensaje: ATACAR NAVE E:0/N:2
[OK ] SIM          > Esperando mensaje de nave
[OK ] JEFE E:3     > Mandando mensaje a NAVE E:3/N:2
[OK ] SIM          > Recibido mensaje: ATACAR NAVE E:1/N:0
[OK ] SIM          > Esperando mensaje de nave
[OK ] JEFE E:3     > Esperando mensaje de SIM         
[OK ] NAVE E:3/N:2 > Recibido mensaje: ACCION ATACAR COSA EXTRA
[OK ] JEFE E:2     > Recibido mensaje: TURNO
[OK ] NAVE E:3/N:2 > Mandando mensaje a SIM         
[OK ] JEFE E:2     > Mandando mensaje a NAVE E:2/N:0
[OK ] SIM          > Recibido mensaje: ATACAR NAVE E:3/N:2
[OK ] JEFE E:2     > Mandando mensaje a NAVE E:2/N:1
[OK ] SIM          > Esperando mensaje de nave
[OK ] NAVE E:3/N:2 > Esperando mensaje de JEFE E:3    
[OK ] JEFE E:2     > Mandando mensaje a NAVE E:2/N:2
[OK ] JEFE E:2     > Esperando mensaje de SIM         
[OK ] NAVE E:2/N:2 > Recibido mensaje: ACCION ATACAR COSA EXTRA
[OK ] NAVE E:3/N:1 > Recibido mensaje: ACCION ATACAR COSA EXTRA
[OK ] NAVE E:2/N:2 > Mandando mensaje a SIM         
[OK ] NAVE E:3/N:1 > Mandando mensaje a SIM         
[OK ] NAVE E:2/N:2 > Esperando mensaje de JEFE E:2    
[OK ] NAVE E:3/N:1 > Esperando mensaje de JEFE E:3    
[OK ] SIM          > Recibido mensaje: ATACAR NAVE E:2/N:2
[OK ] SIM          > Esperando mensaje de nave
[OK ] NAVE E:1/N:1 > Recibido mensaje: ACCION ATACAR COSA EXTRA
[OK ] SIM          > Recibido mensaje: ATACAR NAVE E:3/N:1
[OK ] NAVE E:1/N:1 > Mandando mensaje a SIM         
[OK ] SIM          > Esperando mensaje de nave
[OK ] NAVE E:1/N:1 > Esperando mensaje de JEFE E:1    
[OK ] SIM          > Recibido mensaje: ATACAR NAVE E:1/N:1
[OK ] SIM          > Esperando mensaje de nave
[OK ] NAVE E:2/N:0 > Recibido mensaje: ACCION ATACAR COSA EXTRA
[OK ] NAVE E:2/N:1 > Recibido mensaje: ACCION ATACAR COSA EXTRA
[OK ] NAVE E:2/N:0 > Mandando mensaje a SIM         
[OK ] NAVE E:2/N:1 > Mandando mensaje a SIM         
[OK ] NAVE E:2/N:0 > Esperando mensaje de JEFE E:2    
[OK ] SIM          > Recibido mensaje: ATACAR NAVE E:2/N:0
[OK ] SIM          > Esperando mensaje de nave
[OK ] SIM          > Recibido mensaje: ATACAR NAVE E:2/N:1
[OK ] SIM          > Esperando mensaje de nave
[OK ] NAVE E:0/N:1 > Recibido mensaje: ACCION ATACAR COSA EXTRA
[OK ] NAVE E:2/N:1 > Esperando mensaje de JEFE E:2    
[OK ] NAVE E:0/N:1 > Mandando mensaje a SIM         
[OK ] NAVE E:0/N:1 > Esperando mensaje de JEFE E:0    
[OK ] SIM          > Recibido mensaje: ATACAR NAVE E:0/N:1
[OK ] SIM          > Esperando mensaje de nave
[OK ] NAVE E:1/N:2 > Recibido mensaje: ACCION ATACAR COSA EXTRA
[OK ] NAVE E:1/N:2 > Mandando mensaje a SIM         
[OK ] NAVE E:0/N:0 > Recibido mensaje: ACCION ATACAR COSA EXTRA
[OK ] NAVE E:0/N:0 > Mandando mensaje a SIM         
[OK ] NAVE E:0/N:0 > Esperando mensaje de JEFE E:0    
[OK ] NAVE E:1/N:2 > Esperando mensaje de JEFE E:1    
[OK ] SIM          > Recibido mensaje: ATACAR NAVE E:1/N:2
[OK ] NAVE E:3/N:0 > Recibido mensaje: ACCION ATACAR COSA EXTRA
[OK ] SIM          > Esperando mensaje de nave
[OK ] NAVE E:3/N:0 > Mandando mensaje a SIM         
[OK ] SIM          > Recibido mensaje: ATACAR NAVE E:0/N:0
[OK ] NAVE E:3/N:0 > Esperando mensaje de JEFE E:3    
[OK ] SIM          > Esperando mensaje de nave
[OK ] SIM          > Recibido mensaje: ATACAR NAVE E:3/N:0
[OK ] SIM          > Nuevo TURNO       
[OK ] SIM          > Mandando mensaje a JEFE E:0    
[OK ] SIM          > Mandando mensaje a JEFE E:1    
[OK ] JEFE E:0     > Recibido mensaje: TURNO
[OK ] SIM          > Mandando mensaje a JEFE E:2    
[OK ] JEFE E:0     > Mandando mensaje a NAVE E:0/N:0
[OK ] JEFE E:1     > Recibido mensaje: TURNO
[OK ] SIM          > Mandando mensaje a JEFE E:3    
[OK ] JEFE E:0     > Mandando mensaje a NAVE E:0/N:1
[OK ] JEFE E:1     > Mandando mensaje a NAVE E:1/N:0
[OK ] SIM          > Esperando mensaje de nave
[OK ] JEFE E:0     > Mandando mensaje a NAVE E:0/N:2
[OK ] JEFE E:1     > Mandando mensaje a NAVE E:1/N:1
[OK ] JEFE E:0     > Esperando mensaje de SIM         
[OK ] JEFE E:3     > Recibido mensaje: TURNO
[OK ] JEFE E:1     > Mandando mensaje a NAVE E:1/N:2
[OK ] JEFE E:3     > Mandando mensaje a NAVE E:3/N:0
[OK ] NAVE E:0/N:2 > Recibido mensaje: ACCION ATACAR COSA EXTRA
[OK ] JEFE E:1     > Esperando mensaje de SIM         
[OK ] NAVE E:0/N:2 > Mandando mensaje a SIM         
[OK ] JEFE E:3     > Mandando mensaje a NAVE E:3/N:1
[OK ] NAVE E:0/N:2 > Esperando mensaje de JEFE E:0    
[OK ] NAVE E:1/N:0 > Recibido mensaje: ACCION ATACAR COSA EXTRA
[OK ] JEFE E:3     > Mandando mensaje a NAVE E:3/N:2
[OK ] SIM          > Recibido mensaje: ATACAR NAVE E:0/N:2
[OK ] NAVE E:1/N:0 > Mandando mensaje a SIM         
[OK ] JEFE E:3     > Esperando mensaje de SIM         
[OK ] SIM          > Esperando mensaje de nave
[OK ] NAVE E:1/N:0 > Esperando mensaje de JEFE E:1    
[OK ] SIM          > Recibido mensaje: ATACAR NAVE E:1/N:0
[OK ] JEFE E:2     > Recibido mensaje: TURNO
[OK ] SIM          > Esperando mensaje de nave
[OK ] JEFE E:2     > Mandando mensaje a NAVE E:2/N:0
[OK ] NAVE E:3/N:2 > Recibido mensaje: ACCION ATACAR COSA EXTRA
[OK ] JEFE E:2     > Mandando mensaje a NAVE E:2/N:1
[OK ] NAVE E:3/N:2 > Mandando mensaje a SIM         
[OK ] NAVE E:3/N:1 > Recibido mensaje: ACCION ATACAR COSA EXTRA
[OK ] JEFE E:2     > Mandando mensaje a NAVE E:2/N:2
[OK ] SIM          > Recibido mensaje: ATACAR NAVE E:3/N:2
[OK ] NAVE E:3/N:1 > Mandando mensaje a SIM         
[OK ] SIM          > Esperando mensaje de nave
[OK ] JEFE E:2     > Esperando mensaje de SIM         
[OK ] NAVE E:3/N:1 > Esperando mensaje de JEFE E:3    
[OK ] SIM          > Recibido mensaje: ATACAR NAVE E:3/N:1
[OK ] SIM          > Esperando mensaje de nave
[OK ] NAVE E:2/N:0 > Recibido mensaje: ACCION ATACAR COSA EXTRA
[OK ] NAVE E:1/N:1 > Recibido mensaje: ACCION ATACAR COSA EXTRA
[OK ] NAVE E:2/N:0 > Mandando mensaje a SIM         
[OK ] NAVE E:2/N:2 > Recibido mensaje: ACCION ATACAR COSA EXTRA
[OK ] NAVE E:1/N:1 > Mandando mensaje a SIM         
[OK ] NAVE E:2/N:0 > Esperando mensaje de JEFE E:2    
[OK ] NAVE E:2/N:2 > Mandando mensaje a SIM         
[OK ] NAVE E:1/N:1 > Esperando mensaje de JEFE E:1    
[OK ] NAVE E:2/N:2 > Esperando mensaje de JEFE E:2    
[OK ] NAVE E:0/N:1 > Recibido mensaje: ACCION ATACAR COSA EXTRA
[OK ] SIM          > Recibido mensaje: ATACAR NAVE E:2/N:0
[OK ] NAVE E:2/N:1 > Recibido mensaje: ACCION ATACAR COSA EXTRA
[OK ] NAVE E:0/N:1 > Mandando mensaje a SIM         
[OK ] SIM          > Esperando mensaje de nave
[OK ] NAVE E:2/N:1 > Mandando mensaje a SIM         
[OK ] NAVE E:0/N:1 > Esperando mensaje de JEFE E:0    
[OK ] SIM          > Recibido mensaje: ATACAR NAVE E:1/N:1
[OK ] NAVE E:2/N:1 > Esperando mensaje de JEFE E:2    
[OK ] SIM          > Esperando mensaje de nave
[OK ] NAVE E:1/N:2 > Recibido mensaje: ACCION ATACAR COSA EXTRA
[OK ] SIM          > Recibido mensaje: ATACAR NAVE E:2/N:2
[OK ] NAVE E:3/N:0 > Recibido mensaje: ACCION ATACAR COSA EXTRA
[OK ] NAVE E:1/N:2 > Mandando mensaje a SIM         
[OK ] SIM          > Esperando mensaje de nave
[OK ] NAVE E:3/N:0 > Mandando mensaje a SIM         
[OK ] NAVE E:1/N:2 > Esperando mensaje de JEFE E:1    
[OK ] SIM          > Recibido mensaje: ATACAR NAVE E:0/N:1
[OK ] NAVE E:3/N:0 > Esperando mensaje de JEFE E:3    
[OK ] SIM          > Esperando mensaje de nave
[OK ] SIM          > Recibido mensaje: ATACAR NAVE E:2/N:1
[OK ] NAVE E:0/N:0 > Recibido mensaje: ACCION ATACAR COSA EXTRA
[OK ] SIM          > Esperando mensaje de nave
[OK ] NAVE E:0/N:0 > Mandando mensaje a SIM         
[OK ] SIM          > Recibido mensaje: ATACAR NAVE E:1/N:2
[OK ] NAVE E:0/N:0 > Esperando mensaje de JEFE E:0    
[OK ] SIM          > Esperando mensaje de nave
[OK ] SIM          > Recibido mensaje: ATACAR NAVE E:3/N:0
[OK ] SIM          > Esperando mensaje de nave
[OK ] SIM          > Recibido mensaje: ATACAR NAVE E:0/N:0
[OK ] NAVE E:3/N:2 > Esperando mensaje de JEFE E:3    
[OK ] SIM          > Nuevo TURNO       
[OK ] SIM          > Mandando mensaje a JEFE E:0    
[OK ] SIM          > Mandando mensaje a JEFE E:1    
[OK ] SIM          > Mandando mensaje a JEFE E:2    
[OK ] JEFE E:0     > Recibido mensaje: TURNO
[OK ] JEFE E:1     > Recibido mensaje: TURNO
[OK ] SIM          > Mandando mensaje a JEFE E:3    
[OK ] JEFE E:0     > Mandando mensaje a NAVE E:0/N:0
[OK ] JEFE E:1     > Mandando mensaje a NAVE E:1/N:0
[OK ] SIM          > Esperando mensaje de nave
[OK ] JEFE E:0     > Mandando mensaje a NAVE E:0/N:1
[OK ] JEFE E:1     > Mandando mensaje a NAVE E:1/N:1
[OK ] JEFE E:3     > Recibido mensaje: TURNO
[OK ] JEFE E:2     > Recibido mensaje: TURNO
[OK ] JEFE E:0     > Mandando mensaje a NAVE E:0/N:2
[OK ] JEFE E:1     > Mandando mensaje a NAVE E:1/N:2
[OK ] JEFE E:3     > Mandando mensaje a NAVE E:3/N:0
[OK ] JEFE E:2     > Mandando mensaje a NAVE E:2/N:0
[OK ] JEFE E:0     > Esperando mensaje de SIM         
[OK ] JEFE E:1     > Esperando mensaje de SIM         
[OK ] JEFE E:3     > Mandando mensaje a NAVE E:3/N:1
[OK ] JEFE E:2     > Mandando mensaje a NAVE E:2/N:1
[OK ] NAVE E:0/N:2 > Recibido mensaje: ACCION ATACAR COSA EXTRA
[OK ] NAVE E:1/N:0 > Recibido mensaje: ACCION ATACAR COSA EXTRA
[OK ] JEFE E:3     > Mandando mensaje a NAVE E:3/N:2
[OK ] JEFE E:2     > Mandando mensaje a NAVE E:2/N:2
[OK ] NAVE E:0/N:2 > Mandando mensaje a SIM         
[OK ] JEFE E:3     > Esperando mensaje de SIM         
[OK ] NAVE E:1/N:0 > Mandando mensaje a SIM         
[OK ] JEFE E:2     > Esperando mensaje de SIM         
[OK ] NAVE E:1/N:0 > Esperando mensaje de JEFE E:1    
[OK ] NAVE E:0/N:2 > Esperando mensaje de JEFE E:0    
[OK ] NAVE E:3/N:0 > Recibido mensaje: ACCION ATACAR COSA EXTRA
[OK ] NAVE E:2/N:2 > Recibido mensaje: ACCION ATACAR COSA EXTRA
[OK ] NAVE E:3/N:1 > Recibido mensaje: ACCION ATACAR COSA EXTRA
[OK ] NAVE E:3/N:0 > Mandando mensaje a SIM         
[OK ] SIM          > Recibido mensaje: ATACAR NAVE E:0/N:2
[OK ] NAVE E:2/N:2 > Mandando mensaje a SIM         
[OK ] NAVE E:3/N:1 > Mandando mensaje a SIM         
[OK ] NAVE E:3/N:0 > Esperando mensaje de JEFE E:3    
[OK ] SIM          > Esperando mensaje de nave
[OK ] NAVE E:2/N:2 > Esperando mensaje de JEFE E:2    
[OK ] NAVE E:3/N:1 > Esperando mensaje de JEFE E:3    
[OK ] SIM          > Recibido mensaje: ATACAR NAVE E:1/N:0
[OK ] SIM          > Esperando mensaje de nave
[OK ] NAVE E:3/N:2 > Recibido mensaje: ACCION ATACAR COSA EXTRA
[OK ] NAVE E:1/N:1 > Recibido mensaje: ACCION ATACAR COSA EXTRA
[OK ] SIM          > Recibido mensaje: ATACAR NAVE E:3/N:0
[OK ] NAVE E:3/N:2 > Mandando mensaje a SIM         
[OK ] NAVE E:1/N:1 > Mandando mensaje a SIM         
[OK ] SIM          > Esperando mensaje de nave
[OK ] NAVE E:3/N:2 > Esperando mensaje de JEFE E:3    
[OK ] NAVE E:1/N:1 > Esperando mensaje de JEFE E:1    
[OK ] SIM          > Recibido mensaje: ATACAR NAVE E:2/N:2
[OK ] SIM          > Esperando mensaje de nave
[OK ] NAVE E:2/N:1 > Recibido mensaje: ACCION ATACAR COSA EXTRA
[OK ] SIM          > Recibido mensaje: ATACAR NAVE E:3/N:1
[OK ] NAVE E:0/N:1 > Recibido mensaje: ACCION ATACAR COSA EXTRA
[OK ] NAVE E:2/N:1 > Mandando mensaje a SIM         
[OK ] SIM          > Esperando mensaje de nave
[OK ] NAVE E:0/N:1 > Mandando mensaje a SIM         
[OK ] NAVE E:2/N:1 > Esperando mensaje de JEFE E:2    
[OK ] SIM          > Recibido mensaje: ATACAR NAVE E:3/N:2
[OK ] NAVE E:0/N:1 > Esperando mensaje de JEFE E:0    
[OK ] SIM          > Esperando mensaje de nave
[OK ] NAVE E:2/N:0 > Recibido mensaje: ACCION ATACAR COSA EXTRA
[OK ] NAVE E:1/N:2 > Recibido mensaje: ACCION ATACAR COSA EXTRA
[OK ] SIM          > Recibido mensaje: ATACAR NAVE E:1/N:1
[OK ] NAVE E:2/N:0 > Mandando mensaje a SIM         
[OK ] NAVE E:1/N:2 > Mandando mensaje a SIM         
[OK ] SIM          > Esperando mensaje de nave
[OK ] NAVE E:2/N:0 > Esperando mensaje de JEFE E:2    
[OK ] NAVE E:1/N:2 > Esperando mensaje de JEFE E:1    
[OK ] SIM          > Recibido mensaje: ATACAR NAVE E:2/N:1
[OK ] SIM          > Esperando mensaje de nave
[OK ] SIM          > Recibido mensaje: ATACAR NAVE E:0/N:1
[OK ] NAVE E:0/N:0 > Recibido mensaje: ACCION ATACAR COSA EXTRA
[OK ] SIM          > Esperando mensaje de nave
[OK ] NAVE E:0/N:0 > Mandando mensaje a SIM         
[OK ] SIM          > Recibido mensaje: ATACAR NAVE E:2/N:0
[OK ] NAVE E:0/N:0 > Esperando mensaje de JEFE E:0    
[OK ] SIM          > Esperando mensaje de nave
[OK ] SIM          > Recibido mensaje: ATACAR NAVE E:1/N:2
[OK ] SIM          > Esperando mensaje de nave
[OK ] SIM          > Recibido mensaje: ATACAR NAVE E:0/N:0
[OK ] SIM          > Nuevo TURNO       
[OK ] SIM          > Mandando mensaje a JEFE E:0    
[OK ] SIM          > Mandando mensaje a JEFE E:1    
[OK ] JEFE E:0     > Recibido mensaje: TURNO
[OK ] JEFE E:1     > Recibido mensaje: TURNO
[OK ] JEFE E:0     > Mandando mensaje a NAVE E:0/N:0
[OK ] JEFE E:1     > Mandando mensaje a NAVE E:1/N:0
[OK ] JEFE E:0     > Mandando mensaje a NAVE E:0/N:1
[OK ] JEFE E:1     > Mandando mensaje a NAVE E:1/N:1
[OK ] JEFE E:0     > Mandando mensaje a NAVE E:0/N:2
[OK ] JEFE E:1     > Mandando mensaje a NAVE E:1/N:2
[OK ] JEFE E:0     > Esperando mensaje de SIM         
[OK ] JEFE E:1     > Esperando mensaje de SIM         
[OK ] NAVE E:0/N:2 > Recibido mensaje: ACCION ATACAR COSA EXTRA
[OK ] NAVE E:1/N:0 > Recibido mensaje: ACCION ATACAR COSA EXTRA
[OK ] NAVE E:0/N:2 > Mandando mensaje a SIM         
[OK ] NAVE E:1/N:0 > Mandando mensaje a SIM         
[OK ] NAVE E:0/N:2 > Esperando mensaje de JEFE E:0    
[OK ] NAVE E:1/N:0 > Esperando mensaje de JEFE E:1    
[OK ] NAVE E:0/N:1 > Recibido mensaje: ACCION ATACAR COSA EXTRA
[OK ] SIM          > Mandando mensaje a JEFE E:2    
[OK ] NAVE E:0/N:1 > Mandando mensaje a SIM         
[OK ] NAVE E:0/N:1 > Esperando mensaje de JEFE E:0    
[OK ] SIM          > Mandando mensaje a JEFE E:3    
[OK ] JEFE E:2     > Recibido mensaje: TURNO
[OK ] NAVE E:0/N:0 > Recibido mensaje: ACCION ATACAR COSA EXTRA
[OK ] JEFE E:3     > Recibido mensaje: TURNO
[OK ] JEFE E:2     > Mandando mensaje a NAVE E:2/N:0
[OK ] NAVE E:0/N:0 > Mandando mensaje a SIM         
[OK ] JEFE E:3     > Mandando mensaje a NAVE E:3/N:0
[OK ] NAVE E:0/N:0 > Esperando mensaje de JEFE E:0    
[OK ] JEFE E:2     > Mandando mensaje a NAVE E:2/N:1
[OK ] JEFE E:3     > Mandando mensaje a NAVE E:3/N:1
[OK ] JEFE E:2     > Mandando mensaje a NAVE E:2/N:2
[OK ] NAVE E:3/N:0 > Recibido mensaje: ACCION ATACAR COSA EXTRA
[OK ] JEFE E:3     > Mandando mensaje a NAVE E:3/N:2
[OK ] JEFE E:2     > Esperando mensaje de SIM         
[OK ] NAVE E:3/N:0 > Mandando mensaje a SIM         
[OK ] JEFE E:3     > Esperando mensaje de SIM         
[OK ] NAVE E:3/N:0 > Esperando mensaje de JEFE E:3    
[OK ] NAVE E:2/N:2 > Recibido mensaje: ACCION ATACAR COSA EXTRA
[OK ] SIM          > Esperando mensaje de nave
[OK ] NAVE E:2/N:2 > Mandando mensaje a SIM         
[OK ] SIM          > Recibido mensaje: ATACAR NAVE E:0/N:2
[OK ] NAVE E:2/N:2 > Esperando mensaje de JEFE E:2    
[OK ] SIM          > Esperando mensaje de nave
[OK ] NAVE E:3/N:1 > Recibido mensaje: ACCION ATACAR COSA EXTRA
[OK ] SIM          > Recibido mensaje: ATACAR NAVE E:1/N:0
[OK ] NAVE E:3/N:2 > Recibido mensaje: ACCION ATACAR COSA EXTRA
[OK ] NAVE E:3/N:1 > Mandando mensaje a SIM         
[OK ] SIM          > Esperando mensaje de nave
[OK ] NAVE E:3/N:2 > Mandando mensaje a SIM         
[OK ] NAVE E:3/N:1 > Esperando mensaje de JEFE E:3    
[OK ] SIM          > Recibido mensaje: ATACAR NAVE E:0/N:1
[OK ] NAVE E:3/N:2 > Esperando mensaje de JEFE E:3    
[OK ] SIM          > Esperando mensaje de nave
[OK ] NAVE E:1/N:1 > Recibido mensaje: ACCION ATACAR COSA EXTRA
[OK ] SIM          > Recibido mensaje: ATACAR NAVE E:0/N:0
[OK ] NAVE E:2/N:1 > Recibido mensaje: ACCION ATACAR COSA EXTRA
[OK ] NAVE E:1/N:1 > Mandando mensaje a SIM         
[OK ] SIM          > Esperando mensaje de nave
[OK ] NAVE E:2/N:1 > Mandando mensaje a SIM         
[OK ] NAVE E:1/N:1 > Esperando mensaje de JEFE E:1    
[OK ] SIM          > Recibido mensaje: ATACAR NAVE E:3/N:0
[OK ] NAVE E:2/N:1 > Esperando mensaje de JEFE E:2    
[OK ] SIM          > Esperando mensaje de nave
[OK ] SIM          > Recibido mensaje: ATACAR NAVE E:2/N:2
[OK ] NAVE E:1/N:2 > Recibido mensaje: ACCION ATACAR COSA EXTRA
[OK ] SIM          > Esperando mensaje de nave
[OK ] NAVE E:2/N:0 > Recibido mensaje: ACCION ATACAR COSA EXTRA
[OK ] SIM          > Recibido mensaje: ATACAR NAVE E:3/N:1
[OK ] NAVE E:1/N:2 > Mandando mensaje a SIM         
[OK ] NAVE E:2/N:0 > Mandando mensaje a SIM         
[OK ] SIM          > Esperando mensaje de nave
[OK ] NAVE E:1/N:2 > Esperando mensaje de JEFE E:1    
[OK ] NAVE E:2/N:0 > Esperando mensaje de JEFE E:2    
[OK ] SIM          > Recibido mensaje: ATACAR NAVE E:3/N:2
[OK ] SIM          > Esperando mensaje de nave
[OK ] SIM          > Recibido mensaje: ATACAR NAVE E:1/N:1
[OK ] SIM          > Esperando mensaje de nave
[OK ] SIM          > Recibido mensaje: ATACAR NAVE E:2/N:1
[OK ] SIM          > Esperando mensaje de nave
[OK ] SIM          > Recibido mensaje: ATACAR NAVE E:1/N:2
[OK ] SIM          > Esperando mensaje de nave
[OK ] SIM          > Recibido mensaje: ATACAR NAVE E:2/N:0
[OK ] SIM          > Nuevo TURNO       
[OK ] SIM          > Mandando mensaje a JEFE E:0    
[OK ] SIM          > Mandando mensaje a JEFE E:1    
[OK ] SIM          > Mandando mensaje a JEFE E:2    
[OK ] JEFE E:0     > Recibido mensaje: TURNO
[OK ] JEFE E:1     > Recibido mensaje: TURNO
[OK ] SIM          > Mandando mensaje a JEFE E:3    
[OK ] JEFE E:0     > Mandando mensaje a NAVE E:0/N:0
[OK ] JEFE E:1     > Mandando mensaje a NAVE E:1/N:0
[OK ] JEFE E:0     > Mandando mensaje a NAVE E:0/N:1
[OK ] JEFE E:3     > Recibido mensaje: TURNO
[OK ] JEFE E:1     > Mandando mensaje a NAVE E:1/N:1
[OK ] JEFE E:0     > Mandando mensaje a NAVE E:0/N:2
[OK ] JEFE E:3     > Mandando mensaje a NAVE E:3/N:0
[OK ] JEFE E:1     > Mandando mensaje a NAVE E:1/N:2
[OK ] JEFE E:3     > Mandando mensaje a NAVE E:3/N:1
[OK ] NAVE E:0/N:2 > Recibido mensaje: ACCION ATACAR COSA EXTRA
[OK ] JEFE E:1     > Esperando mensaje de SIM         
[OK ] JEFE E:3     > Mandando mensaje a NAVE E:3/N:2
[OK ] NAVE E:0/N:2 > Mandando mensaje a SIM         
[OK ] NAVE E:1/N:0 > Recibido mensaje: ACCION ATACAR COSA EXTRA
[OK ] JEFE E:3     > Esperando mensaje de SIM         
[OK ] NAVE E:0/N:2 > Esperando mensaje de JEFE E:0    
[OK ] NAVE E:1/N:0 > Mandando mensaje a SIM         
[OK ] JEFE E:0     > Esperando mensaje de SIM         
[OK ] JEFE E:2     > Recibido mensaje: TURNO
[OK ] NAVE E:1/N:0 > Esperando mensaje de JEFE E:1    
[OK ] JEFE E:2     > Mandando mensaje a NAVE E:2/N:0
[OK ] NAVE E:3/N:1 > Recibido mensaje: ACCION ATACAR COSA EXTRA
[OK ] NAVE E:1/N:1 > Recibido mensaje: ACCION ATACAR COSA EXTRA
[OK ] JEFE E:2     > Mandando mensaje a NAVE E:2/N:1
[OK ] NAVE E:3/N:1 > Mandando mensaje a SIM         
[OK ] NAVE E:1/N:1 > Mandando mensaje a SIM         
[OK ] JEFE E:2     > Mandando mensaje a NAVE E:2/N:2
[OK ] NAVE E:3/N:1 > Esperando mensaje de JEFE E:3    
[OK ] NAVE E:1/N:1 > Esperando mensaje de JEFE E:1    
[OK ] SIM          > Esperando mensaje de nave
[OK ] JEFE E:2     > Esperando mensaje de SIM         
[OK ] NAVE E:1/N:2 > Recibido mensaje: ACCION ATACAR COSA EXTRA
[OK ] SIM          > Recibido mensaje: ATACAR NAVE E:0/N:2
[OK ] NAVE E:1/N:2 > Mandando mensaje a SIM         
[OK ] NAVE E:0/N:1 > Recibido mensaje: ACCION ATACAR COSA EXTRA
[OK ] SIM          > Esperando mensaje de nave
[OK ] NAVE E:2/N:2 > Recibido mensaje: ACCION ATACAR COSA EXTRA
[OK ] NAVE E:1/N:2 > Esperando mensaje de JEFE E:1    
[OK ] SIM          > Recibido mensaje: ATACAR NAVE E:1/N:0
[OK ] NAVE E:2/N:2 > Mandando mensaje a SIM         
[OK ] SIM          > Esperando mensaje de nave
[OK ] NAVE E:0/N:0 > Recibido mensaje: ACCION ATACAR COSA EXTRA
[OK ] NAVE E:2/N:2 > Esperando mensaje de JEFE E:2    
[OK ] SIM          > Recibido mensaje: ATACAR NAVE E:3/N:1
[OK ] NAVE E:0/N:0 > Mandando mensaje a SIM         
[OK ] SIM          > Esperando mensaje de nave
[OK ] NAVE E:0/N:1 > Mandando mensaje a SIM         
[OK ] NAVE E:0/N:0 > Esperando mensaje de JEFE E:0    
[OK ] SIM          > Recibido mensaje: ATACAR NAVE E:1/N:1
[OK ] NAVE E:0/N:1 > Esperando mensaje de JEFE E:0    
[OK ] SIM          > Esperando mensaje de nave
[OK ] NAVE E:3/N:2 > Recibido mensaje: ACCION ATACAR COSA EXTRA
[OK ] SIM          > Recibido mensaje: ATACAR NAVE E:1/N:2
[OK ] NAVE E:3/N:2 > Mandando mensaje a SIM         
[OK ] SIM          > Esperando mensaje de nave
[OK ] NAVE E:2/N:1 > Recibido mensaje: ACCION ATACAR COSA EXTRA
[OK ] NAVE E:3/N:2 > Esperando mensaje de JEFE E:3    
[OK ] NAVE E:2/N:1 > Mandando mensaje a SIM         
[OK ] SIM          > Recibido mensaje: ATACAR NAVE E:2/N:2
[OK ] NAVE E:2/N:1 > Esperando mensaje de JEFE E:2    
[OK ] SIM          > Esperando mensaje de nave
[OK ] NAVE E:2/N:0 > Recibido mensaje: ACCION ATACAR COSA EXTRA
[OK ] SIM          > Recibido mensaje: ATACAR NAVE E:0/N:0
[OK ] NAVE E:2/N:0 > Mandando mensaje a SIM         
[OK ] SIM          > Esperando mensaje de nave
[OK ] NAVE E:2/N:0 > Esperando mensaje de JEFE E:2    
[OK ] SIM          > Recibido mensaje: ATACAR NAVE E:0/N:1
[OK ] SIM          > Esperando mensaje de nave
[OK ] SIM          > Recibido mensaje: ATACAR NAVE E:3/N:2
[OK ] SIM          > Esperando mensaje de nave
[OK ] SIM          > Recibido mensaje: ATACAR NAVE E:2/N:1
[OK ] NAVE E:3/N:0 > Recibido mensaje: ACCION ATACAR COSA EXTRA
[OK ] SIM          > Esperando mensaje de nave
[OK ] NAVE E:3/N:0 > Mandando mensaje a SIM         
[OK ] SIM          > Recibido mensaje: ATACAR NAVE E:2/N:0
[OK ] NAVE E:3/N:0 > Esperando mensaje de JEFE E:3    
[OK ] SIM          > Esperando mensaje de nave
[OK ] SIM          > Recibido mensaje: ATACAR NAVE E:3/N:0
[OK ] SIM          > Nuevo TURNO       
[OK ] SIM          > Mandando mensaje a JEFE E:0    
[OK ] SIM          > Mandando mensaje a JEFE E:1    
[OK ] JEFE E:1     > Recibido mensaje: TURNO
[OK ] JEFE E:1     > Mandando mensaje a NAVE E:1/N:0
[OK ] JEFE E:1     > Mandando mensaje a NAVE E:1/N:1
[OK ] JEFE E:1     > Mandando mensaje a NAVE E:1/N:2
[OK ] JEFE E:1     > Esperando mensaje de SIM         
[OK ] NAVE E:1/N:0 > Recibido mensaje: ACCION ATACAR COSA EXTRA
[OK ] NAVE E:1/N:0 > Mandando mensaje a SIM         
[OK ] NAVE E:1/N:0 > Esperando mensaje de JEFE E:1    
[OK ] JEFE E:0     > Recibido mensaje: TURNO
[OK ] JEFE E:0     > Mandando mensaje a NAVE E:0/N:0
[OK ] JEFE E:0     > Mandando mensaje a NAVE E:0/N:1
[OK ] JEFE E:0     > Mandando mensaje a NAVE E:0/N:2
[OK ] JEFE E:0     > Esperando mensaje de SIM         
[OK ] NAVE E:0/N:2 > Recibido mensaje: ACCION ATACAR COSA EXTRA
[OK ] NAVE E:0/N:2 > Mandando mensaje a SIM         
[OK ] NAVE E:0/N:2 > Esperando mensaje de JEFE E:0    
[OK ] SIM          > Mandando mensaje a JEFE E:2    
[OK ] SIM          > Mandando mensaje a JEFE E:3    
[OK ] JEFE E:3     > Recibido mensaje: TURNO
[OK ] JEFE E:3     > Mandando mensaje a NAVE E:3/N:0
[OK ] JEFE E:3     > Mandando mensaje a NAVE E:3/N:1
[OK ] JEFE E:3     > Mandando mensaje a NAVE E:3/N:2
[OK ] JEFE E:3     > Esperando mensaje de SIM         
[OK ] JEFE E:2     > Recibido mensaje: TURNO
[OK ] JEFE E:2     > Mandando mensaje a NAVE E:2/N:0
[OK ] JEFE E:2     > Mandando mensaje a NAVE E:2/N:1
[OK ] JEFE E:2     > Mandando mensaje a NAVE E:2/N:2
[OK ] JEFE E:2     > Esperando mensaje de SIM         
[OK ] NAVE E:3/N:1 > Recibido mensaje: ACCION ATACAR COSA EXTRA
[OK ] NAVE E:3/N:1 > Mandando mensaje a SIM         
[OK ] NAVE E:3/N:1 > Esperando mensaje de JEFE E:3    
[OK ] NAVE E:2/N:2 > Recibido mensaje: ACCION ATACAR COSA EXTRA
[OK ] NAVE E:2/N:2 > Mandando mensaje a SIM         
[OK ] NAVE E:2/N:2 > Esperando mensaje de JEFE E:2    
[OK ] SIM          > Esperando mensaje de nave
[OK ] SIM          > Recibido mensaje: ATACAR NAVE E:1/N:0
[OK ] SIM          > Esperando mensaje de nave
[OK ] SIM          > Recibido mensaje: ATACAR NAVE E:0/N:2
[OK ] SIM          > Esperando mensaje de nave
[OK ] SIM          > Recibido mensaje: ATACAR NAVE E:3/N:1
[OK ] SIM          > Esperando mensaje de nave
[OK ] SIM          > Recibido mensaje: ATACAR NAVE E:2/N:2
[OK ] SIM          > Esperando mensaje de nave
[OK ] NAVE E:1/N:1 > Recibido mensaje: ACCION ATACAR COSA EXTRA
[OK ] NAVE E:1/N:1 > Mandando mensaje a SIM         
[OK ] SIM          > Recibido mensaje: ATACAR NAVE E:1/N:1
[OK ] SIM          > Esperando mensaje de nave
[OK ] NAVE E:1/N:1 > Esperando mensaje de JEFE E:1    
[OK ] NAVE E:0/N:1 > Recibido mensaje: ACCION ATACAR COSA EXTRA
[OK ] NAVE E:0/N:1 > Mandando mensaje a SIM         
[OK ] SIM          > Recibido mensaje: ATACAR NAVE E:0/N:1
[OK ] SIM          > Esperando mensaje de nave
[OK ] NAVE E:0/N:1 > Esperando mensaje de JEFE E:0    
[OK ] NAVE E:3/N:2 > Recibido mensaje: ACCION ATACAR COSA EXTRA
[OK ] NAVE E:3/N:2 > Mandando mensaje a SIM         
[OK ] SIM          > Recibido mensaje: ATACAR NAVE E:3/N:2
[OK ] SIM          > Esperando mensaje de nave
[OK ] NAVE E:1/N:2 > Recibido mensaje: ACCION ATACAR COSA EXTRA
[OK ] NAVE E:1/N:2 > Mandando mensaje a SIM         
[OK ] SIM          > Recibido mensaje: ATACAR NAVE E:1/N:2
[OK ] SIM          > Esperando mensaje de nave
[OK ] NAVE E:3/N:2 > Esperando mensaje de JEFE E:3    
[OK ] NAVE E:1/N:2 > Esperando mensaje de JEFE E:1    
[OK ] NAVE E:2/N:1 > Recibido mensaje: ACCION ATACAR COSA EXTRA
[OK ] NAVE E:2/N:1 > Mandando mensaje a SIM         
[OK ] SIM          > Recibido mensaje: ATACAR NAVE E:2/N:1
[OK ] SIM          > Esperando mensaje de nave
[OK ] NAVE E:0/N:0 > Recibido mensaje: ACCION ATACAR COSA EXTRA
[OK ] NAVE E:0/N:0 > Mandando mensaje a SIM         
[OK ] SIM          > Recibido mensaje: ATACAR NAVE E:0/N:0
[OK ] SIM          > Esperando mensaje de nave
[OK ] NAVE E:2/N:1 > Esperando mensaje de JEFE E:2    
[OK ] NAVE E:0/N:0 > Esperando mensaje de JEFE E:0    
[OK ] NAVE E:3/N:0 > Recibido mensaje: ACCION ATACAR COSA EXTRA
[OK ] NAVE E:3/N:0 > Mandando mensaje a SIM         
[OK ] SIM          > Recibido mensaje: ATACAR NAVE E:3/N:0
[OK ] SIM          > Esperando mensaje de nave
[OK ] NAVE E:2/N:0 > Recibido mensaje: ACCION ATACAR COSA EXTRA
[OK ] NAVE E:2/N:0 > Mandando mensaje a SIM         
[OK ] SIM          > Recibido mensaje: ATACAR NAVE E:2/N:0
[OK ] NAVE E:3/N:0 > Esperando mensaje de JEFE E:3    
[OK ] NAVE E:2/N:0 > Esperando mensaje de JEFE E:2    
[OK ] SIM          > Nuevo TURNO       
[OK ] SIM          > Mandando mensaje a JEFE E:0    
[OK ] SIM          > Mandando mensaje a JEFE E:1    
[OK ] JEFE E:0     > Recibido mensaje: TURNO
[OK ] JEFE E:1     > Recibido mensaje: TURNO
[OK ] JEFE E:0     > Mandando mensaje a NAVE E:0/N:0
[OK ] JEFE E:1     > Mandando mensaje a NAVE E:1/N:0
[OK ] JEFE E:0     > Mandando mensaje a NAVE E:0/N:1
[OK ] JEFE E:1     > Mandando mensaje a NAVE E:1/N:1
[OK ] JEFE E:0     > Mandando mensaje a NAVE E:0/N:2
[OK ] JEFE E:1     > Mandando mensaje a NAVE E:1/N:2
[OK ] JEFE E:1     > Esperando mensaje de SIM         
[OK ] NAVE E:0/N:2 > Recibido mensaje: ACCION ATACAR COSA EXTRA
[OK ] NAVE E:1/N:0 > Recibido mensaje: ACCION ATACAR COSA EXTRA
[OK ] NAVE E:0/N:2 > Mandando mensaje a SIM         
[OK ] NAVE E:1/N:0 > Mandando mensaje a SIM         
[OK ] NAVE E:0/N:2 > Esperando mensaje de JEFE E:0    
[OK ] NAVE E:1/N:0 > Esperando mensaje de JEFE E:1    
[OK ] JEFE E:0     > Esperando mensaje de SIM         
[OK ] SIM          > Mandando mensaje a JEFE E:2    
[OK ] SIM          > Mandando mensaje a JEFE E:3    
[OK ] NAVE E:0/N:1 > Recibido mensaje: ACCION ATACAR COSA EXTRA
[OK ] NAVE E:0/N:1 > Mandando mensaje a SIM         
[OK ] NAVE E:0/N:1 > Esperando mensaje de JEFE E:0    
[OK ] JEFE E:3     > Recibido mensaje: TURNO
[OK ] JEFE E:3     > Mandando mensaje a NAVE E:3/N:0
[OK ] NAVE E:0/N:0 > Recibido mensaje: ACCION ATACAR COSA EXTRA
[OK ] JEFE E:3     > Mandando mensaje a NAVE E:3/N:1
[OK ] NAVE E:0/N:0 > Mandando mensaje a SIM         
[OK ] JEFE E:3     > Mandando mensaje a NAVE E:3/N:2
[OK ] NAVE E:0/N:0 > Esperando mensaje de JEFE E:0    
[OK ] JEFE E:3     > Esperando mensaje de SIM         
[OK ] JEFE E:2     > Recibido mensaje: TURNO
[OK ] JEFE E:2     > Mandando mensaje a NAVE E:2/N:0
[OK ] JEFE E:2     > Mandando mensaje a NAVE E:2/N:1
[OK ] JEFE E:2     > Mandando mensaje a NAVE E:2/N:2
[OK ] NAVE E:2/N:0 > Recibido mensaje: ACCION ATACAR COSA EXTRA
[OK ] JEFE E:2     > Esperando mensaje de SIM         
[OK ] NAVE E:2/N:0 > Mandando mensaje a SIM         
[OK ] NAVE E:2/N:0 > Esperando mensaje de JEFE E:2    
[OK ] NAVE E:3/N:1 > Recibido mensaje: ACCION ATACAR COSA EXTRA
[OK ] NAVE E:3/N:1 > Mandando mensaje a SIM         
[OK ] NAVE E:3/N:1 > Esperando mensaje de JEFE E:3    
[OK ] NAVE E:2/N:2 > Recibido mensaje: ACCION ATACAR COSA EXTRA
[OK ] NAVE E:2/N:2 > Mandando mensaje a SIM         
[OK ] NAVE E:2/N:2 > Esperando mensaje de JEFE E:2    
[OK ] SIM          > Esperando mensaje de nave
[OK ] SIM          > Recibido mensaje: ATACAR NAVE E:0/N:2
[OK ] SIM          > Esperando mensaje de nave
[OK ] SIM          > Recibido mensaje: ATACAR NAVE E:1/N:0
[OK ] SIM          > Esperando mensaje de nave
[OK ] SIM          > Recibido mensaje: ATACAR NAVE E:0/N:1
[OK ] SIM          > Esperando mensaje de nave
[OK ] SIM          > Recibido mensaje: ATACAR NAVE E:0/N:0
[OK ] SIM          > Esperando mensaje de nave
[OK ] SIM          > Recibido mensaje: ATACAR NAVE E:2/N:0
[OK ] SIM          > Esperando mensaje de nave
[OK ] SIM          > Recibido mensaje: ATACAR NAVE E:3/N:1
[OK ] SIM          > Esperando mensaje de nave
[OK ] SIM          > Recibido mensaje: ATACAR NAVE E:2/N:2
[OK ] SIM          > Esperando mensaje de nave
[OK ] NAVE E:1/N:1 > Recibido mensaje: ACCION ATACAR COSA EXTRA
[OK ] NAVE E:1/N:1 > Mandando mensaje a SIM         
[OK ] NAVE E:1/N:1 > Esperando mensaje de JEFE E:1    
[OK ] SIM          > Recibido mensaje: ATACAR NAVE E:1/N:1
[OK ] SIM          > Esperando mensaje de nave
[OK ] NAVE E:3/N:2 > Recibido mensaje: ACCION ATACAR COSA EXTRA
[OK ] NAVE E:3/N:2 > Mandando mensaje a SIM         
[OK ] NAVE E:3/N:2 > Esperando mensaje de JEFE E:3    
[OK ] SIM          > Recibido mensaje: ATACAR NAVE E:3/N:2
[OK ] SIM          > Esperando mensaje de nave
[OK ] NAVE E:1/N:2 > Recibido mensaje: ACCION ATACAR COSA EXTRA
[OK ] NAVE E:1/N:2 > Mandando mensaje a SIM         
[OK ] NAVE E:1/N:2 > Esperando mensaje de JEFE E:1    
[OK ] SIM          > Recibido mensaje: ATACAR NAVE E:1/N:2
[OK ] SIM          > Esperando mensaje de nave
[OK ] NAVE E:2/N:1 > Recibido mensaje: ACCION ATACAR COSA EXTRA
[OK ] NAVE E:2/N:1 > Mandando mensaje a SIM         
[OK ] NAVE E:2/N:1 > Esperando mensaje de JEFE E:2    
[OK ] SIM          > Recibido mensaje: ATACAR NAVE E:2/N:1
[OK ] SIM          > Esperando mensaje de nave
[OK ] NAVE E:3/N:0 > Recibido mensaje: ACCION ATACAR COSA EXTRA
[OK ] NAVE E:3/N:0 > Mandando mensaje a SIM         
[OK ] NAVE E:3/N:0 > Esperando mensaje de JEFE E:3    
[OK ] SIM          > Recibido mensaje: ATACAR NAVE E:3/N:0
[OK ] SIM          > Nuevo TURNO       
[OK ] SIM          > Mandando mensaje a JEFE E:0    
[OK ] SIM          > Mandando mensaje a JEFE E:1    
[OK ] JEFE E:1     > Recibido mensaje: TURNO
[OK ] JEFE E:1     > Mandando mensaje a NAVE E:1/N:0
[OK ] JEFE E:1     > Mandando mensaje a NAVE E:1/N:1
[OK ] JEFE E:1     > Mandando mensaje a NAVE E:1/N:2
[OK ] JEFE E:1     > Esperando mensaje de SIM         
[OK ] NAVE E:1/N:0 > Recibido mensaje: ACCION ATACAR COSA EXTRA
[OK ] NAVE E:1/N:0 > Mandando mensaje a SIM         
[OK ] NAVE E:1/N:0 > Esperando mensaje de JEFE E:1    
[OK ] JEFE E:0     > Recibido mensaje: TURNO
[OK ] JEFE E:0     > Mandando mensaje a NAVE E:0/N:0
[OK ] JEFE E:0     > Mandando mensaje a NAVE E:0/N:1
[OK ] JEFE E:0     > Mandando mensaje a NAVE E:0/N:2
[OK ] NAVE E:0/N:2 > Recibido mensaje: ACCION ATACAR COSA EXTRA
[OK ] NAVE E:0/N:2 > Mandando mensaje a SIM         
[OK ] NAVE E:0/N:2 > Esperando mensaje de JEFE E:0    
[OK ] JEFE E:0     > Esperando mensaje de SIM         
[OK ] SIM          > Mandando mensaje a JEFE E:2    
[OK ] SIM          > Mandando mensaje a JEFE E:3    
[OK ] JEFE E:3     > Recibido mensaje: TURNO
[OK ] JEFE E:3     > Mandando mensaje a NAVE E:3/N:0
[OK ] JEFE E:3     > Mandando mensaje a NAVE E:3/N:1
[OK ] JEFE E:3     > Mandando mensaje a NAVE E:3/N:2
[OK ] JEFE E:3     > Esperando mensaje de SIM         
[OK ] JEFE E:2     > Recibido mensaje: TURNO
[OK ] JEFE E:2     > Mandando mensaje a NAVE E:2/N:0
[OK ] JEFE E:2     > Mandando mensaje a NAVE E:2/N:1
[OK ] JEFE E:2     > Mandando mensaje a NAVE E:2/N:2
[OK ] JEFE E:2     > Esperando mensaje de SIM         
[OK ] NAVE E:3/N:1 > Recibido mensaje: ACCION ATACAR COSA EXTRA
[OK ] NAVE E:3/N:1 > Mandando mensaje a SIM         
[OK ] NAVE E:3/N:1 > Esperando mensaje de JEFE E:3    
[OK ] NAVE E:2/N:2 > Recibido mensaje: ACCION ATACAR COSA EXTRA
[OK ] NAVE E:2/N:2 > Mandando mensaje a SIM         
[OK ] NAVE E:2/N:2 > Esperando mensaje de JEFE E:2    
[OK ] SIM          > Esperando mensaje de nave
[OK ] SIM          > Recibido mensaje: ATACAR NAVE E:1/N:0
[OK ] SIM          > Esperando mensaje de nave
[OK ] SIM          > Recibido mensaje: ATACAR NAVE E:0/N:2
[OK ] SIM          > Esperando mensaje de nave
[OK ] SIM          > Recibido mensaje: ATACAR NAVE E:3/N:1
[OK ] SIM          > Esperando mensaje de nave
[OK ] SIM          > Recibido mensaje: ATACAR NAVE E:2/N:2
[OK ] SIM          > Esperando mensaje de nave
[OK ] NAVE E:1/N:1 > Recibido mensaje: ACCION ATACAR COSA EXTRA
[OK ] NAVE E:1/N:1 > Mandando mensaje a SIM         
[OK ] SIM          > Recibido mensaje: ATACAR NAVE E:1/N:1
[OK ] SIM          > Esperando mensaje de nave
[OK ] NAVE E:1/N:1 > Esperando mensaje de JEFE E:1    
[OK ] NAVE E:0/N:1 > Recibido mensaje: ACCION ATACAR COSA EXTRA
[OK ] NAVE E:0/N:1 > Mandando mensaje a SIM         
[OK ] SIM          > Recibido mensaje: ATACAR NAVE E:0/N:1
[OK ] SIM          > Esperando mensaje de nave
[OK ] NAVE E:0/N:1 > Esperando mensaje de JEFE E:0    
[OK ] NAVE E:3/N:2 > Recibido mensaje: ACCION ATACAR COSA EXTRA
[OK ] NAVE E:3/N:2 > Mandando mensaje a SIM         
[OK ] SIM          > Recibido mensaje: ATACAR NAVE E:3/N:2
[OK ] SIM          > Esperando mensaje de nave
[OK ] NAVE E:1/N:2 > Recibido mensaje: ACCION ATACAR COSA EXTRA
[OK ] NAVE E:1/N:2 > Mandando mensaje a SIM         
[OK ] SIM          > Recibido mensaje: ATACAR NAVE E:1/N:2
[OK ] SIM          > Esperando mensaje de nave
[OK ] NAVE E:3/N:2 > Esperando mensaje de JEFE E:3    
[OK ] NAVE E:1/N:2 > Esperando mensaje de JEFE E:1    
[OK ] NAVE E:0/N:0 > Recibido mensaje: ACCION ATACAR COSA EXTRA
[OK ] NAVE E:0/N:0 > Mandando mensaje a SIM         
[OK ] SIM          > Recibido mensaje: ATACAR NAVE E:0/N:0
[OK ] SIM          > Esperando mensaje de nave
[OK ] NAVE E:0/N:0 > Esperando mensaje de JEFE E:0    
[OK ] NAVE E:2/N:1 > Recibido mensaje: ACCION ATACAR COSA EXTRA
[OK ] NAVE E:2/N:1 > Mandando mensaje a SIM         
[OK ] SIM          > Recibido mensaje: ATACAR NAVE E:2/N:1
[OK ] SIM          > Esperando mensaje de nave
[OK ] NAVE E:2/N:1 > Esperando mensaje de JEFE E:2    
[OK ] NAVE E:3/N:0 > Recibido mensaje: ACCION ATACAR COSA EXTRA
[OK ] NAVE E:3/N:0 > Mandando mensaje a SIM         
[OK ] NAVE E:3/N:0 > Esperando mensaje de JEFE E:3    
[OK ] SIM          > Recibido mensaje: ATACAR NAVE E:3/N:0
[OK ] SIM          > Esperando mensaje de nave
[OK ] NAVE E:2/N:0 > Recibido mensaje: ACCION ATACAR COSA EXTRA
[OK ] NAVE E:2/N:0 > Mandando mensaje a SIM         
[OK ] NAVE E:2/N:0 > Esperando mensaje de JEFE E:2    
[OK ] SIM          > Recibido mensaje: ATACAR NAVE E:2/N:0
[OK ] SIM          > Nuevo TURNO       
[OK ] SIM          > Mandando mensaje a JEFE E:0    
[OK ] SIM          > Mandando mensaje a JEFE E:1    
[OK ] JEFE E:1     > Recibido mensaje: TURNO
[OK ] JEFE E:1     > Mandando mensaje a NAVE E:1/N:0
[OK ] JEFE E:1     > Mandando mensaje a NAVE E:1/N:1
[OK ] JEFE E:1     > Mandando mensaje a NAVE E:1/N:2
[OK ] JEFE E:1     > Esperando mensaje de SIM         
[OK ] NAVE E:1/N:0 > Recibido mensaje: ACCION ATACAR COSA EXTRA
[OK ] NAVE E:1/N:0 > Mandando mensaje a SIM         
[OK ] NAVE E:1/N:0 > Esperando mensaje de JEFE E:1    
[OK ] JEFE E:0     > Recibido mensaje: TURNO
[OK ] JEFE E:0     > Mandando mensaje a NAVE E:0/N:0
[OK ] JEFE E:0     > Mandando mensaje a NAVE E:0/N:1
[OK ] JEFE E:0     > Mandando mensaje a NAVE E:0/N:2
[OK ] NAVE E:0/N:0 > Recibido mensaje: ACCION ATACAR COSA EXTRA
[OK ] NAVE E:0/N:2 > Recibido mensaje: ACCION ATACAR COSA EXTRA
[OK ] NAVE E:0/N:0 > Mandando mensaje a SIM         
[OK ] NAVE E:0/N:2 > Mandando mensaje a SIM         
[OK ] NAVE E:0/N:0 > Esperando mensaje de JEFE E:0    
[OK ] JEFE E:0     > Esperando mensaje de SIM         
[OK ] NAVE E:0/N:2 > Esperando mensaje de JEFE E:0    
[OK ] SIM          > Mandando mensaje a JEFE E:2    
[OK ] NAVE E:1/N:1 > Recibido mensaje: ACCION ATACAR COSA EXTRA
[OK ] SIM          > Mandando mensaje a JEFE E:3    
[OK ] JEFE E:2     > Recibido mensaje: TURNO
[OK ] NAVE E:1/N:1 > Mandando mensaje a SIM         
[OK ] JEFE E:2     > Mandando mensaje a NAVE E:2/N:0
[OK ] JEFE E:3     > Recibido mensaje: TURNO
[OK ] NAVE E:1/N:1 > Esperando mensaje de JEFE E:1    
[OK ] JEFE E:3     > Mandando mensaje a NAVE E:3/N:0
[OK ] JEFE E:2     > Mandando mensaje a NAVE E:2/N:1
[OK ] NAVE E:0/N:1 > Recibido mensaje: ACCION ATACAR COSA EXTRA
[OK ] JEFE E:3     > Mandando mensaje a NAVE E:3/N:1
[OK ] JEFE E:2     > Mandando mensaje a NAVE E:2/N:2
[OK ] NAVE E:0/N:1 > Mandando mensaje a SIM         
[OK ] JEFE E:3     > Mandando mensaje a NAVE E:3/N:2
[OK ] JEFE E:2     > Esperando mensaje de SIM         
[OK ] NAVE E:0/N:1 > Esperando mensaje de JEFE E:0    
[OK ] JEFE E:3     > Esperando mensaje de SIM         
[OK ] NAVE E:1/N:2 > Recibido mensaje: ACCION ATACAR COSA EXTRA
[OK ] NAVE E:2/N:2 > Recibido mensaje: ACCION ATACAR COSA EXTRA
[OK ] NAVE E:1/N:2 > Mandando mensaje a SIM         
[OK ] NAVE E:3/N:1 > Recibido mensaje: ACCION ATACAR COSA EXTRA
[OK ] NAVE E:2/N:2 > Mandando mensaje a SIM         
[OK ] NAVE E:1/N:2 > Esperando mensaje de JEFE E:1    
[OK ] NAVE E:3/N:1 > Mandando mensaje a SIM         
[OK ] NAVE E:2/N:2 > Esperando mensaje de JEFE E:2    
[OK ] NAVE E:3/N:1 > Esperando mensaje de JEFE E:3    
[OK ] NAVE E:2/N:1 > Recibido mensaje: ACCION ATACAR COSA EXTRA
[OK ] SIM          > Esperando mensaje de nave
[OK ] NAVE E:2/N:1 > Mandando mensaje a SIM         
[OK ] SIM          > Recibido mensaje: ATACAR NAVE E:1/N:0
[OK ] NAVE E:2/N:1 > Esperando mensaje de JEFE E:2    
[OK ] SIM          > Esperando mensaje de nave
[OK ] SIM          > Recibido mensaje: ATACAR NAVE E:0/N:0
[OK ] SIM          > Esperando mensaje de nave
[OK ] SIM          > Recibido mensaje: ATACAR NAVE E:0/N:2
[OK ] NAVE E:2/N:0 > Recibido mensaje: ACCION ATACAR COSA EXTRA
[OK ] SIM          > Esperando mensaje de nave
[OK ] NAVE E:2/N:0 > Mandando mensaje a SIM         
[OK ] SIM          > Recibido mensaje: ATACAR NAVE E:1/N:1
[OK ] SIM          > Esperando mensaje de nave
[OK ] NAVE E:2/N:0 > Esperando mensaje de JEFE E:2    
[OK ] SIM          > Recibido mensaje: ATACAR NAVE E:0/N:1
[OK ] SIM          > Esperando mensaje de nave
[OK ] SIM          > Recibido mensaje: ATACAR NAVE E:1/N:2
[OK ] SIM          > Esperando mensaje de nave
[OK ] SIM          > Recibido mensaje: ATACAR NAVE E:2/N:2
[OK ] SIM          > Esperando mensaje de nave
[OK ] SIM          > Recibido mensaje: ATACAR NAVE E:3/N:1
[OK ] SIM          > Esperando mensaje de nave
[OK ] SIM          > Recibido mensaje: ATACAR NAVE E:2/N:1
[OK ] SIM          > Esperando mensaje de nave
[OK ] SIM          > Recibido mensaje: ATACAR NAVE E:2/N:0
[OK ] SIM          > Esperando mensaje de nave
[OK ] NAVE E:3/N:2 > Recibido mensaje: ACCION ATACAR COSA EXTRA
[OK ] NAVE E:3/N:2 > Mandando mensaje a SIM         
[OK ] NAVE E:3/N:2 > Esperando mensaje de JEFE E:3    
[OK ] SIM          > Recibido mensaje: ATACAR NAVE E:3/N:2
[OK ] SIM          > Esperando mensaje de nave
[OK ] NAVE E:3/N:0 > Recibido mensaje: ACCION ATACAR COSA EXTRA
[OK ] NAVE E:3/N:0 > Mandando mensaje a SIM         
[OK ] NAVE E:3/N:0 > Esperando mensaje de JEFE E:3    
[OK ] SIM          > Recibido mensaje: ATACAR NAVE E:3/N:0
[OK ] SIM          > Nuevo TURNO       
[OK ] SIM          > Mandando mensaje a JEFE E:0    
[OK ] SIM          > Mandando mensaje a JEFE E:1    
[OK ] JEFE E:0     > Recibido mensaje: TURNO
[OK ] JEFE E:1     > Recibido mensaje: TURNO
[OK ] JEFE E:0     > Mandando mensaje a NAVE E:0/N:0
[OK ] JEFE E:1     > Mandando mensaje a NAVE E:1/N:0
[OK ] JEFE E:0     > Mandando mensaje a NAVE E:0/N:1
[OK ] JEFE E:1     > Mandando mensaje a NAVE E:1/N:1
[OK ] JEFE E:0     > Mandando mensaje a NAVE E:0/N:2
[OK ] JEFE E:1     > Mandando mensaje a NAVE E:1/N:2
[OK ] JEFE E:1     > Esperando mensaje de SIM         
[OK ] NAVE E:0/N:2 > Recibido mensaje: ACCION ATACAR COSA EXTRA
[OK ] NAVE E:0/N:2 > Mandando mensaje a SIM         
[OK ] NAVE E:1/N:0 > Recibido mensaje: ACCION ATACAR COSA EXTRA
[OK ] NAVE E:0/N:2 > Esperando mensaje de JEFE E:0    
[OK ] NAVE E:1/N:0 > Mandando mensaje a SIM         
[OK ] JEFE E:0     > Esperando mensaje de SIM         
[OK ] NAVE E:1/N:0 > Esperando mensaje de JEFE E:1    
[OK ] SIM          > Mandando mensaje a JEFE E:2    
[OK ] NAVE E:0/N:1 > Recibido mensaje: ACCION ATACAR COSA EXTRA
[OK ] SIM          > Mandando mensaje a JEFE E:3    
[OK ] NAVE E:0/N:1 > Mandando mensaje a SIM         
[OK ] NAVE E:0/N:1 > Esperando mensaje de JEFE E:0    
[OK ] JEFE E:3     > Recibido mensaje: TURNO
[OK ] NAVE E:0/N:0 > Recibido mensaje: ACCION ATACAR COSA EXTRA
[OK ] JEFE E:3     > Mandando mensaje a NAVE E:3/N:0
[OK ] NAVE E:0/N:0 > Mandando mensaje a SIM         
[OK ] NAVE E:0/N:0 > Esperando mensaje de JEFE E:0    
[OK ] JEFE E:3     > Mandando mensaje a NAVE E:3/N:1
[OK ] JEFE E:3     > Mandando mensaje a NAVE E:3/N:2
[OK ] JEFE E:3     > Esperando mensaje de SIM         
[OK ] NAVE E:3/N:1 > Recibido mensaje: ACCION ATACAR COSA EXTRA
[OK ] NAVE E:3/N:1 > Mandando mensaje a SIM         
[OK ] JEFE E:2     > Recibido mensaje: TURNO
[OK ] NAVE E:3/N:1 > Esperando mensaje de JEFE E:3    
[OK ] JEFE E:2     > Mandando mensaje a NAVE E:2/N:0
[OK ] JEFE E:2     > Mandando mensaje a NAVE E:2/N:1
[OK ] JEFE E:2     > Mandando mensaje a NAVE E:2/N:2
[OK ] NAVE E:2/N:0 > Recibido mensaje: ACCION ATACAR COSA EXTRA
[OK ] JEFE E:2     > Esperando mensaje de SIM         
[OK ] NAVE E:2/N:0 > Mandando mensaje a SIM         
[OK ] NAVE E:2/N:0 > Esperando mensaje de JEFE E:2    
[OK ] NAVE E:2/N:2 > Recibido mensaje: ACCION ATACAR COSA EXTRA
[OK ] NAVE E:2/N:2 > Mandando mensaje a SIM         
[OK ] NAVE E:2/N:2 > Esperando mensaje de JEFE E:2    
[OK ] SIM          > Esperando mensaje de nave
[OK ] SIM          > Recibido mensaje: ATACAR NAVE E:0/N:2
[OK ] SIM          > Esperando mensaje de nave
[OK ] SIM          > Recibido mensaje: ATACAR NAVE E:1/N:0
[OK ] SIM          > Esperando mensaje de nave
[OK ] SIM          > Recibido mensaje: ATACAR NAVE E:0/N:1
[OK ] SIM          > Esperando mensaje de nave
[OK ] SIM          > Recibido mensaje: ATACAR NAVE E:0/N:0
[OK ] SIM          > Esperando mensaje de nave
[OK ] SIM          > Recibido mensaje: ATACAR NAVE E:3/N:1
[OK ] SIM          > Esperando mensaje de nave
[OK ] SIM          > Recibido mensaje: ATACAR NAVE E:2/N:0
[OK ] SIM          > Esperando mensaje de nave
[OK ] SIM          > Recibido mensaje: ATACAR NAVE E:2/N:2
[OK ] SIM          > Esperando mensaje de nave
[OK ] NAVE E:1/N:1 > Recibido mensaje: ACCION ATACAR COSA EXTRA
[OK ] NAVE E:1/N:1 > Mandando mensaje a SIM         
[OK ] NAVE E:1/N:1 > Esperando mensaje de JEFE E:1    
[OK ] SIM          > Recibido mensaje: ATACAR NAVE E:1/N:1
[OK ] SIM          > Esperando mensaje de nave
[OK ] NAVE E:3/N:2 > Recibido mensaje: ACCION ATACAR COSA EXTRA
[OK ] NAVE E:3/N:2 > Mandando mensaje a SIM         
[OK ] NAVE E:3/N:2 > Esperando mensaje de JEFE E:3    
[OK ] SIM          > Recibido mensaje: ATACAR NAVE E:3/N:2
[OK ] SIM          > Esperando mensaje de nave
[OK ] NAVE E:2/N:1 > Recibido mensaje: ACCION ATACAR COSA EXTRA
[OK ] NAVE E:2/N:1 > Mandando mensaje a SIM         
[OK ] NAVE E:2/N:1 > Esperando mensaje de JEFE E:2    
[OK ] SIM          > Recibido mensaje: ATACAR NAVE E:2/N:1
[OK ] SIM          > Esperando mensaje de nave
[OK ] NAVE E:1/N:2 > Recibido mensaje: ACCION ATACAR COSA EXTRA
[OK ] NAVE E:1/N:2 > Mandando mensaje a SIM         
[OK ] NAVE E:1/N:2 > Esperando mensaje de JEFE E:1    
[OK ] SIM          > Recibido mensaje: ATACAR NAVE E:1/N:2
[OK ] SIM          > Esperando mensaje de nave
[OK ] NAVE E:3/N:0 > Recibido mensaje: ACCION ATACAR COSA EXTRA
[OK ] NAVE E:3/N:0 > Mandando mensaje a SIM         
[OK ] NAVE E:3/N:0 > Esperando mensaje de JEFE E:3    
[OK ] SIM          > Recibido mensaje: ATACAR NAVE E:3/N:0
[OK ] SIM          > Nuevo TURNO       
[OK ] SIM          > Mandando mensaje a JEFE E:0    
[OK ] SIM          > Mandando mensaje a JEFE E:1    
[OK ] JEFE E:0     > Recibido mensaje: TURNO
[OK ] JEFE E:1     > Recibido mensaje: TURNO
[OK ] JEFE E:0     > Mandando mensaje a NAVE E:0/N:0
[OK ] JEFE E:1     > Mandando mensaje a NAVE E:1/N:0
[OK ] JEFE E:0     > Mandando mensaje a NAVE E:0/N:1
[OK ] JEFE E:1     > Mandando mensaje a NAVE E:1/N:1
[OK ] JEFE E:0     > Mandando mensaje a NAVE E:0/N:2
[OK ] JEFE E:1     > Mandando mensaje a NAVE E:1/N:2
[OK ] JEFE E:1     > Esperando mensaje de SIM         
[OK ] NAVE E:0/N:2 > Recibido mensaje: ACCION ATACAR COSA EXTRA
[OK ] NAVE E:0/N:2 > Mandando mensaje a SIM         
[OK ] NAVE E:1/N:0 > Recibido mensaje: ACCION ATACAR COSA EXTRA
[OK ] NAVE E:0/N:2 > Esperando mensaje de JEFE E:0    
[OK ] NAVE E:1/N:0 > Mandando mensaje a SIM         
[OK ] JEFE E:0     > Esperando mensaje de SIM         
[OK ] NAVE E:1/N:0 > Esperando mensaje de JEFE E:1    
[OK ] NAVE E:0/N:1 > Recibido mensaje: ACCION ATACAR COSA EXTRA
[OK ] SIM          > Mandando mensaje a JEFE E:2    
[OK ] NAVE E:0/N:1 > Mandando mensaje a SIM         
[OK ] NAVE E:0/N:1 > Esperando mensaje de JEFE E:0    
[OK ] SIM          > Mandando mensaje a JEFE E:3    
[OK ] NAVE E:0/N:0 > Recibido mensaje: ACCION ATACAR COSA EXTRA
[OK ] NAVE E:0/N:0 > Mandando mensaje a SIM         
[OK ] JEFE E:3     > Recibido mensaje: TURNO
[OK ] NAVE E:0/N:0 > Esperando mensaje de JEFE E:0    
[OK ] JEFE E:3     > Mandando mensaje a NAVE E:3/N:0
[OK ] JEFE E:3     > Mandando mensaje a NAVE E:3/N:1
[OK ] JEFE E:3     > Mandando mensaje a NAVE E:3/N:2
[OK ] JEFE E:2     > Recibido mensaje: TURNO
[OK ] JEFE E:3     > Esperando mensaje de SIM         
[OK ] JEFE E:2     > Mandando mensaje a NAVE E:2/N:0
[OK ] NAVE E:3/N:1 > Recibido mensaje: ACCION ATACAR COSA EXTRA
[OK ] JEFE E:2     > Mandando mensaje a NAVE E:2/N:1
[OK ] NAVE E:3/N:1 > Mandando mensaje a SIM         
[OK ] JEFE E:2     > Mandando mensaje a NAVE E:2/N:2
[OK ] NAVE E:3/N:1 > Esperando mensaje de JEFE E:3    
[OK ] JEFE E:2     > Esperando mensaje de SIM         
[OK ] SIM          > Esperando mensaje de nave
[OK ] NAVE E:2/N:2 > Recibido mensaje: ACCION ATACAR COSA EXTRA
[OK ] SIM          > Recibido mensaje: ATACAR NAVE E:0/N:2
[OK ] NAVE E:2/N:2 > Mandando mensaje a SIM         
[OK ] SIM          > Esperando mensaje de nave
[OK ] NAVE E:2/N:2 > Esperando mensaje de JEFE E:2    
[OK ] SIM          > Recibido mensaje: ATACAR NAVE E:1/N:0
[OK ] SIM          > Esperando mensaje de nave
[OK ] SIM          > Recibido mensaje: ATACAR NAVE E:0/N:1
[OK ] NAVE E:1/N:1 > Recibido mensaje: ACCION ATACAR COSA EXTRA
[OK ] SIM          > Esperando mensaje de nave
[OK ] NAVE E:1/N:1 > Mandando mensaje a SIM         
[OK ] SIM          > Recibido mensaje: ATACAR NAVE E:0/N:0
[OK ] NAVE E:1/N:1 > Esperando mensaje de JEFE E:1    
[OK ] SIM          > Esperando mensaje de nave
[OK ] SIM          > Recibido mensaje: ATACAR NAVE E:3/N:1
[OK ] SIM          > Esperando mensaje de nave
[OK ] NAVE E:2/N:1 > Recibido mensaje: ACCION ATACAR COSA EXTRA
[OK ] SIM          > Recibido mensaje: ATACAR NAVE E:2/N:2
[OK ] NAVE E:2/N:1 > Mandando mensaje a SIM         
[OK ] SIM          > Esperando mensaje de nave
[OK ] NAVE E:2/N:1 > Esperando mensaje de JEFE E:2    
[OK ] SIM          > Recibido mensaje: ATACAR NAVE E:1/N:1
[OK ] SIM          > Esperando mensaje de nave
[OK ] SIM          > Recibido mensaje: ATACAR NAVE E:2/N:1
[OK ] NAVE E:1/N:2 > Recibido mensaje: ACCION ATACAR COSA EXTRA
[OK ] SIM          > Esperando mensaje de nave
[OK ] NAVE E:1/N:2 > Mandando mensaje a SIM         
[OK ] NAVE E:1/N:2 > Esperando mensaje de JEFE E:1    
[OK ] NAVE E:3/N:2 > Recibido mensaje: ACCION ATACAR COSA EXTRA
[OK ] NAVE E:3/N:2 > Mandando mensaje a SIM         
[OK ] SIM          > Recibido mensaje: ATACAR NAVE E:1/N:2
[OK ] NAVE E:3/N:2 > Esperando mensaje de JEFE E:3    
[OK ] SIM          > Esperando mensaje de nave
[OK ] SIM          > Recibido mensaje: ATACAR NAVE E:3/N:2
[OK ] SIM          > Esperando mensaje de nave
[OK ] NAVE E:3/N:0 > Recibido mensaje: ACCION ATACAR COSA EXTRA
[OK ] NAVE E:3/N:0 > Mandando mensaje a SIM         
[OK ] NAVE E:2/N:0 > Recibido mensaje: ACCION ATACAR COSA EXTRA
[OK ] NAVE E:3/N:0 > Esperando mensaje de JEFE E:3    
[OK ] NAVE E:2/N:0 > Mandando mensaje a SIM         
[OK ] SIM          > Recibido mensaje: ATACAR NAVE E:3/N:0
[OK ] NAVE E:2/N:0 > Esperando mensaje de JEFE E:2    
[OK ] SIM          > Esperando mensaje de nave
[OK ] SIM          > Recibido mensaje: ATACAR NAVE E:2/N:0
[OK ] SIM          > Nuevo TURNO       
[OK ] SIM          > Mandando mensaje a JEFE E:0    
[OK ] JEFE E:0     > Recibido mensaje: TURNO
[OK ] JEFE E:0     > Mandando mensaje a NAVE E:0/N:0
[OK ] JEFE E:0     > Mandando mensaje a NAVE E:0/N:1
[OK ] JEFE E:0     > Mandando mensaje a NAVE E:0/N:2
[OK ] NAVE E:0/N:2 > Recibido mensaje: ACCION ATACAR COSA EXTRA
[OK ] NAVE E:0/N:2 > Mandando mensaje a SIM         
[OK ] NAVE E:0/N:2 > Esperando mensaje de JEFE E:0    
[OK ] JEFE E:0     > Esperando mensaje de SIM         
[OK ] SIM          > Mandando mensaje a JEFE E:1    
[OK ] JEFE E:1     > Recibido mensaje: TURNO
[OK ] JEFE E:1     > Mandando mensaje a NAVE E:1/N:0
[OK ] JEFE E:1     > Mandando mensaje a NAVE E:1/N:1
[OK ] JEFE E:1     > Mandando mensaje a NAVE E:1/N:2
[OK ] JEFE E:1     > Esperando mensaje de SIM         
[OK ] NAVE E:1/N:0 > Recibido mensaje: ACCION ATACAR COSA EXTRA
[OK ] NAVE E:1/N:0 > Mandando mensaje a SIM         
[OK ] NAVE E:1/N:0 > Esperando mensaje de JEFE E:1    
[OK ] SIM          > Mandando mensaje a JEFE E:2    
[OK ] SIM          > Mandando mensaje a JEFE E:3    
[OK ] JEFE E:3     > Recibido mensaje: TURNO
[OK ] JEFE E:3     > Mandando mensaje a NAVE E:3/N:0
[OK ] JEFE E:3     > Mandando mensaje a NAVE E:3/N:1
[OK ] JEFE E:3     > Mandando mensaje a NAVE E:3/N:2
[OK ] JEFE E:3     > Esperando mensaje de SIM         
[OK ] JEFE E:2     > Recibido mensaje: TURNO
[OK ] JEFE E:2     > Mandando mensaje a NAVE E:2/N:0
[OK ] JEFE E:2     > Mandando mensaje a NAVE E:2/N:1
[OK ] JEFE E:2     > Mandando mensaje a NAVE E:2/N:2
[OK ] JEFE E:2     > Esperando mensaje de SIM         
[OK ] NAVE E:3/N:1 > Recibido mensaje: ACCION ATACAR COSA EXTRA
[OK ] NAVE E:3/N:1 > Mandando mensaje a SIM         
[OK ] NAVE E:3/N:1 > Esperando mensaje de JEFE E:3    
[OK ] NAVE E:2/N:2 > Recibido mensaje: ACCION ATACAR COSA EXTRA
[OK ] NAVE E:2/N:2 > Mandando mensaje a SIM         
[OK ] NAVE E:2/N:2 > Esperando mensaje de JEFE E:2    
[OK ] SIM          > Esperando mensaje de nave
[OK ] SIM          > Recibido mensaje: ATACAR NAVE E:0/N:2
[OK ] SIM          > Esperando mensaje de nave
[OK ] SIM          > Recibido mensaje: ATACAR NAVE E:1/N:0
[OK ] SIM          > Esperando mensaje de nave
[OK ] SIM          > Recibido mensaje: ATACAR NAVE E:3/N:1
[OK ] SIM          > Esperando mensaje de nave
[OK ] SIM          > Recibido mensaje: ATACAR NAVE E:2/N:2
[OK ] SIM          > Esperando mensaje de nave
[OK ] NAVE E:1/N:1 > Recibido mensaje: ACCION ATACAR COSA EXTRA
[OK ] NAVE E:1/N:1 > Mandando mensaje a SIM         
[OK ] NAVE E:1/N:1 > Esperando mensaje de JEFE E:1    
[OK ] SIM          > Recibido mensaje: ATACAR NAVE E:1/N:1
[OK ] SIM          > Esperando mensaje de nave
[OK ] NAVE E:0/N:1 > Recibido mensaje: ACCION ATACAR COSA EXTRA
[OK ] NAVE E:0/N:1 > Mandando mensaje a SIM         
[OK ] NAVE E:0/N:1 > Esperando mensaje de JEFE E:0    
[OK ] SIM          > Recibido mensaje: ATACAR NAVE E:0/N:1
[OK ] SIM          > Esperando mensaje de nave
[OK ] NAVE E:3/N:2 > Recibido mensaje: ACCION ATACAR COSA EXTRA
[OK ] NAVE E:3/N:2 > Mandando mensaje a SIM         
[OK ] NAVE E:3/N:2 > Esperando mensaje de JEFE E:3    
[OK ] SIM          > Recibido mensaje: ATACAR NAVE E:3/N:2
[OK ] SIM          > Esperando mensaje de nave
[OK ] NAVE E:2/N:1 > Recibido mensaje: ACCION ATACAR COSA EXTRA
[OK ] NAVE E:2/N:1 > Mandando mensaje a SIM         
[OK ] NAVE E:2/N:1 > Esperando mensaje de JEFE E:2    
[OK ] SIM          > Recibido mensaje: ATACAR NAVE E:2/N:1
[OK ] SIM          > Esperando mensaje de nave
[OK ] NAVE E:1/N:2 > Recibido mensaje: ACCION ATACAR COSA EXTRA
[OK ] NAVE E:1/N:2 > Mandando mensaje a SIM         
[OK ] NAVE E:1/N:2 > Esperando mensaje de JEFE E:1    
[OK ] SIM          > Recibido mensaje: ATACAR NAVE E:1/N:2
[OK ] SIM          > Esperando mensaje de nave
[OK ] NAVE E:0/N:0 > Recibido mensaje: ACCION ATACAR COSA EXTRA
[OK ] NAVE E:0/N:0 > Mandando mensaje a SIM         
[OK ] NAVE E:0/N:0 > Esperando mensaje de JEFE E:0    
[OK ] SIM          > Recibido mensaje: ATACAR NAVE E:0/N:0
[OK ] SIM          > Esperando mensaje de nave
[OK ] NAVE E:2/N:0 > Recibido mensaje: ACCION ATACAR COSA EXTRA
[OK ] NAVE E:2/N:0 > Mandando mensaje a SIM         
[OK ] NAVE E:2/N:0 > Esperando mensaje de JEFE E:2    
[OK ] SIM          > Recibido mensaje: ATACAR NAVE E:2/N:0
[OK ] SIM          > Esperando mensaje de nave
[OK ] NAVE E:3/N:0 > Recibido mensaje: ACCION ATACAR COSA EXTRA
[OK ] NAVE E:3/N:0 > Mandando mensaje a SIM         
[OK ] NAVE E:3/N:0 > Esperando mensaje de JEFE E:3    
[OK ] SIM          > Recibido mensaje: ATACAR NAVE E:3/N:0

[OK ] SIM          > Finalizando ejecucion...
[OK ] SIM          > Mandando mensaje a JEFE E:0    
[OK ] SIM          > Mandando mensaje a JEFE E:1    
[OK ] JEFE E:0     > Recibido mensaje: FIN
[OK ] JEFE E:1     > Recibido mensaje: FIN
[OK ] JEFE E:1     > Finalizando
[OK ] JEFE E:1     > Esperando naves
[OK ] SIM          > Mandando mensaje a JEFE E:2    
[OK ] JEFE E:2     > Recibido mensaje: FIN
[OK ] JEFE E:2     > Finalizando
[OK ] JEFE E:2     > Esperando naves
[OK ] JEFE E:0     > Finalizando
[OK ] JEFE E:0     > Esperando naves
[OK ] SIM          > Mandando mensaje a JEFE E:3    
[OK ] JEFE E:3     > Recibido mensaje: FIN
[OK ] JEFE E:3     > Finalizando
[OK ] JEFE E:3     > Esperando naves
[OK ] JEFE E:0     > Destruyendo JEFE E:0    
[OK ] SIM          > Esperando jefes
[OK ] JEFE E:1     > Destruyendo JEFE E:1    
[OK ] JEFE E:2     > Destruyendo JEFE E:2    
[OK ] JEFE E:3     > Destruyendo JEFE E:3    
[OK ] SIM          > Destruyendo SIM         
[OK ] SIM          > Mensajes restantes en cola_msg_naves: 0
